2023-12-07 11:45:47,062 [INFO] Activator:176 - 


2023-12-07 11:45:47,066 [INFO] Activator:177 - !SESSION log4j initialized
2023-12-07 11:45:50,175 [INFO] LogOutputStream:77 - [STDOUT_REDIRECT] 
2023-12-07 11:45:50,971 [INFO] ApplicationProperties:184 - Using Application install path: /opt/st/stm32cubeide_1.14.0/plugins/com.st.stm32cube.common.mx_6.10.0.202311202037
2023-12-07 11:45:50,991 [INFO] DbMcusXml:78 - Set database path to: /opt/st/stm32cubeide_1.14.0/plugins/com.st.stm32cube.common.mx_6.10.0.202311202037//db//mcu/
2023-12-07 11:45:50,991 [INFO] ApiDb:274 - Set plugin database path to: /opt/st/stm32cubeide_1.14.0/plugins/com.st.stm32cube.common.mx_6.10.0.202311202037//db//plugins/boardmanager/
2023-12-07 11:45:50,992 [WARN] ApiDb:259 - Overriding images path with different value:  => /opt/st/stm32cubeide_1.14.0/plugins/com.st.stm32cube.common.mx_6.10.0.202311202037//db//plugins/mcufinder/images/
2023-12-07 11:45:50,999 [INFO] ApiDb:250 - Set database path to: /home/frank/.stmcufinder/plugins/mcufinder//mcu/
2023-12-07 11:45:51,000 [INFO] DbMcusAds:125 - Set database path to: /home/frank/.stmcufinder/plugins/mcufinder//mcu/
2023-12-07 11:45:51,002 [INFO] CrossReferenceDbSqlite:203 - Set database path to: /home/frank/.stmcufinder/plugins/mcufinder//mcu/cs/
2023-12-07 11:45:51,107 [INFO] RulesReader:64 - Compatibility file has been processed (297 Rules)
2023-12-07 11:45:51,167 [INFO] DbMcusXml:78 - Set database path to: /opt/st/stm32cubeide_1.14.0/plugins/com.st.stm32cube.common.mx_6.10.0.202311202037//db//mcu/
2023-12-07 11:45:51,167 [INFO] ApiDb:274 - Set plugin database path to: /opt/st/stm32cubeide_1.14.0/plugins/com.st.stm32cube.common.mx_6.10.0.202311202037//db//plugins/boardmanager/
2023-12-07 11:45:51,167 [INFO] ApiDb:261 - Set plugin images path to: /opt/st/stm32cubeide_1.14.0/plugins/com.st.stm32cube.common.mx_6.10.0.202311202037//db//plugins/mcufinder/images/
2023-12-07 11:45:51,167 [WARN] DbFile:41 - Overriding database path with different value: /home/frank/.stmcufinder/plugins/mcufinder/ => /home/frank/.stmcufinder/plugins/mcufinder
2023-12-07 11:45:51,167 [INFO] ApiDb:250 - Set database path to: /home/frank/.stmcufinder/plugins/mcufinder//mcu/
2023-12-07 11:45:51,168 [WARN] DbFile:41 - Overriding database path with different value: /home/frank/.stmcufinder/plugins/mcufinder/ => /home/frank/.stmcufinder/plugins/mcufinder
2023-12-07 11:45:51,168 [INFO] DbMcusAds:125 - Set database path to: /home/frank/.stmcufinder/plugins/mcufinder//mcu/
2023-12-07 11:45:51,168 [WARN] DbFile:41 - Overriding database path with different value: /home/frank/.stmcufinder/plugins/mcufinder/ => /home/frank/.stmcufinder/plugins/mcufinder
2023-12-07 11:45:51,168 [WARN] DbFile:41 - Overriding database path with different value: /home/frank/.stmcufinder/plugins/mcufinder/ => /home/frank/.stmcufinder/plugins/mcufinder
2023-12-07 11:45:51,168 [INFO] CrossReferenceDbSqlite:203 - Set database path to: /home/frank/.stmcufinder/plugins/mcufinder//mcu/cs/
2023-12-07 11:45:51,222 [INFO] MainPanel:264 - HeapMemory: 268435456
2023-12-07 11:45:51,316 [INFO] DbMcusXml:78 - Set database path to: /opt/st/stm32cubeide_1.14.0/plugins/com.st.stm32cube.common.mx_6.10.0.202311202037//db//mcu/
2023-12-07 11:45:51,316 [INFO] ApiDb:274 - Set plugin database path to: /opt/st/stm32cubeide_1.14.0/plugins/com.st.stm32cube.common.mx_6.10.0.202311202037//db//plugins/boardmanager/
2023-12-07 11:45:51,316 [INFO] ApiDb:261 - Set plugin images path to: /opt/st/stm32cubeide_1.14.0/plugins/com.st.stm32cube.common.mx_6.10.0.202311202037//db//plugins/mcufinder/images/
2023-12-07 11:45:51,316 [WARN] DbFile:41 - Overriding database path with different value: /home/frank/.stmcufinder/plugins/mcufinder/ => /home/frank/.stmcufinder/plugins/mcufinder
2023-12-07 11:45:51,316 [INFO] ApiDb:250 - Set database path to: /home/frank/.stmcufinder/plugins/mcufinder//mcu/
2023-12-07 11:45:51,316 [WARN] DbFile:41 - Overriding database path with different value: /home/frank/.stmcufinder/plugins/mcufinder/ => /home/frank/.stmcufinder/plugins/mcufinder
2023-12-07 11:45:51,316 [INFO] DbMcusAds:125 - Set database path to: /home/frank/.stmcufinder/plugins/mcufinder//mcu/
2023-12-07 11:45:51,316 [WARN] DbFile:41 - Overriding database path with different value: /home/frank/.stmcufinder/plugins/mcufinder/ => /home/frank/.stmcufinder/plugins/mcufinder
2023-12-07 11:45:51,317 [WARN] DbFile:41 - Overriding database path with different value: /home/frank/.stmcufinder/plugins/mcufinder/ => /home/frank/.stmcufinder/plugins/mcufinder
2023-12-07 11:45:51,317 [INFO] CrossReferenceDbSqlite:203 - Set database path to: /home/frank/.stmcufinder/plugins/mcufinder//mcu/cs/
2023-12-07 11:45:51,328 [INFO] ApplicationProperties:184 - Using Application install path: /opt/st/stm32cubeide_1.14.0/plugins/com.st.stm32cube.common.mx_6.10.0.202311202037
2023-12-07 11:45:51,329 [INFO] PluginManage:196 - Search for loadable plugins [exclusion list=, ]
2023-12-07 11:45:51,330 [INFO] PluginManage:310 - Check plugin analytics
2023-12-07 11:45:51,416 [INFO] AnalyticsPlugin:253 - Accepted Software Licenses: 
2023-12-07 11:45:51,416 [INFO] AnalyticsPlugin:255 - Accepted CMSIS Pack Licenses: 
2023-12-07 11:45:51,416 [INFO] AnalyticsPlugin:257 - Accepted Firmware Licenses: 
2023-12-07 11:45:51,417 [INFO] PluginManage:359 - Loaded plugin analytics (category:tool,tabindex:-1)
2023-12-07 11:45:51,417 [INFO] PluginManage:310 - Check plugin cadmodel
2023-12-07 11:45:51,433 [INFO] CADModel:105 - Init CAD model plugin
2023-12-07 11:45:51,434 [INFO] PluginManage:359 - Loaded plugin cadmodel (category:power,tabindex:5)
2023-12-07 11:45:51,434 [INFO] PluginManage:310 - Check plugin clock
2023-12-07 11:45:51,440 [INFO] PluginManage:359 - Loaded plugin clock (category:base,tabindex:2)
2023-12-07 11:45:51,440 [INFO] PluginManage:310 - Check plugin ddr
2023-12-07 11:45:51,441 [INFO] PluginManage:359 - Loaded plugin ddr (category:tool,tabindex:6)
2023-12-07 11:45:51,441 [INFO] PluginManage:310 - Check plugin filemanager
2023-12-07 11:45:51,515 [INFO] PluginManage:359 - Loaded plugin filemanager (category:base,tabindex:10)
2023-12-07 11:45:51,515 [INFO] PluginManage:310 - Check plugin ipmanager
2023-12-07 11:45:51,518 [INFO] PluginManage:359 - Loaded plugin ipmanager (category:base,tabindex:5)
2023-12-07 11:45:51,519 [INFO] PluginManage:310 - Check plugin lpbam
2023-12-07 11:45:51,523 [INFO] PluginManage:359 - Loaded plugin lpbam (category:base,tabindex:0)
2023-12-07 11:45:51,523 [INFO] PluginManage:310 - Check plugin memorymap
2023-12-07 11:45:51,529 [INFO] PluginManage:359 - Loaded plugin memorymap (category:base,tabindex:4)
2023-12-07 11:45:51,529 [INFO] PluginManage:310 - Check plugin pinoutandconfiguration
2023-12-07 11:45:51,533 [INFO] PluginManage:359 - Loaded plugin pinoutandconfiguration (category:base,tabindex:1)
2023-12-07 11:45:51,533 [INFO] PluginManage:310 - Check plugin pinoutconfig
2023-12-07 11:45:51,573 [WARN] SupportedApi:132 - Cannot load RTOS API schema: s4s-elt-must-match.1: The content of 'definitions' must match (annotation?, (simpleType | complexType)?, (unique | key | keyref)*)). A problem was found starting at: attribute.
2023-12-07 11:45:51,635 [INFO] PluginManage:359 - Loaded plugin pinoutconfig (category:base,tabindex:0)
2023-12-07 11:45:51,635 [INFO] PluginManage:310 - Check plugin power
2023-12-07 11:45:51,640 [INFO] PluginManage:359 - Loaded plugin power (category:power,tabindex:4)
2023-12-07 11:45:51,641 [INFO] PluginManage:310 - Check plugin projectmanager
2023-12-07 11:45:51,649 [INFO] PluginManage:359 - Loaded plugin projectmanager (category:projectmanager,tabindex:3)
2023-12-07 11:45:51,649 [INFO] PluginManage:310 - Check plugin thirdparty
2023-12-07 11:45:51,707 [INFO] PluginManage:359 - Loaded plugin thirdparty (category:base,tabindex:-1)
2023-12-07 11:45:51,707 [INFO] PluginManage:310 - Check plugin tools
2023-12-07 11:45:51,707 [WARN] IntegrityCheckThread:84 - waiting for thirdparty lock release [integrity check]
2023-12-07 11:45:51,708 [INFO] IntegrityCheckThread:86 - entering critical section [integrity check]
2023-12-07 11:45:51,708 [INFO] ThirdPartyUpdaterWithRetryManager:70 - Updater plugin not ready yet. [1/15]
2023-12-07 11:45:51,709 [INFO] PluginManage:359 - Loaded plugin tools (category:base,tabindex:7)
2023-12-07 11:45:51,709 [INFO] PluginManage:310 - Check plugin tutovideos
2023-12-07 11:45:51,801 [INFO] PluginManage:359 - Loaded plugin tutovideos (category:base,tabindex:-1)
2023-12-07 11:45:51,801 [INFO] PluginManage:310 - Check plugin updater
2023-12-07 11:45:51,808 [INFO] PluginManage:359 - Loaded plugin updater (category:base,tabindex:12)
2023-12-07 11:45:51,808 [INFO] PluginManage:310 - Check plugin userauth
2023-12-07 11:45:51,811 [INFO] UserAuth:114 - Init User Auth plugin
2023-12-07 11:45:51,811 [INFO] PluginManage:359 - Loaded plugin userauth (category:base,tabindex:14)
2023-12-07 11:45:51,811 [INFO] PluginManage:283 - PluginManage : Loaded plugins [17]
2023-12-07 11:45:51,907 [INFO] PinOutPanel:1499 - setPackage(No Configuration,No Configuration)
2023-12-07 11:45:51,938 [INFO] CADModel:165 - CPN selected for project level
2023-12-07 11:45:51,938 [INFO] CADModel:114 - Register for checkConnection events
2023-12-07 11:45:51,943 [INFO] IPUIPlugin:80 - create IPUIPlugin
2023-12-07 11:45:51,943 [INFO] PluginManager:220 - loadIPPluginJar : add ucpd
2023-12-07 11:45:51,944 [INFO] IPUIPlugin:80 - create IPUIPlugin
2023-12-07 11:45:51,944 [INFO] PluginManager:220 - loadIPPluginJar : add ltdc
2023-12-07 11:45:51,948 [INFO] IPUIPlugin:80 - create IPUIPlugin
2023-12-07 11:45:51,949 [INFO] PluginManager:220 - loadIPPluginJar : add plateformsettings
2023-12-07 11:45:51,951 [INFO] IPUIPlugin:80 - create IPUIPlugin
2023-12-07 11:45:51,951 [INFO] PluginManager:220 - loadIPPluginJar : add hash
2023-12-07 11:45:51,952 [INFO] IPUIPlugin:80 - create IPUIPlugin
2023-12-07 11:45:51,953 [INFO] PluginManager:220 - loadIPPluginJar : add gfxmmu
2023-12-07 11:45:51,956 [INFO] IPUIPlugin:80 - create IPUIPlugin
2023-12-07 11:45:51,956 [INFO] PluginManager:220 - loadIPPluginJar : add stm32_wpan
2023-12-07 11:45:51,957 [INFO] IPUIPlugin:80 - create IPUIPlugin
2023-12-07 11:45:51,957 [INFO] PluginManager:220 - loadIPPluginJar : add ts
2023-12-07 11:45:51,958 [INFO] IPUIPlugin:80 - create IPUIPlugin
2023-12-07 11:45:51,958 [INFO] PluginManager:220 - loadIPPluginJar : add quadspi
2023-12-07 11:45:51,959 [INFO] IPUIPlugin:80 - create IPUIPlugin
2023-12-07 11:45:51,959 [INFO] PluginManager:220 - loadIPPluginJar : add usbx
2023-12-07 11:45:51,960 [INFO] IPUIPlugin:80 - create IPUIPlugin
2023-12-07 11:45:51,960 [INFO] PluginManager:220 - loadIPPluginJar : add aes
2023-12-07 11:45:51,962 [INFO] IPUIPlugin:80 - create IPUIPlugin
2023-12-07 11:45:51,962 [INFO] PluginManager:220 - loadIPPluginJar : add nvic
2023-12-07 11:45:51,965 [INFO] IPUIPlugin:80 - create IPUIPlugin
2023-12-07 11:45:51,965 [INFO] PluginManager:220 - loadIPPluginJar : add adc
2023-12-07 11:45:51,966 [INFO] IPUIPlugin:80 - create IPUIPlugin
2023-12-07 11:45:51,966 [INFO] PluginManager:220 - loadIPPluginJar : add cryp
2023-12-07 11:45:51,968 [INFO] IPUIPlugin:80 - create IPUIPlugin
2023-12-07 11:45:51,968 [INFO] PluginManager:220 - loadIPPluginJar : add touchsensing
2023-12-07 11:45:51,970 [INFO] IPUIPlugin:80 - create IPUIPlugin
2023-12-07 11:45:51,970 [INFO] PluginManager:220 - loadIPPluginJar : add fmc
2023-12-07 11:45:51,971 [INFO] IPUIPlugin:80 - create IPUIPlugin
2023-12-07 11:45:51,971 [INFO] PluginManager:220 - loadIPPluginJar : add openamp
2023-12-07 11:45:51,976 [INFO] IPUIPlugin:80 - create IPUIPlugin
2023-12-07 11:45:51,976 [INFO] PluginManager:220 - loadIPPluginJar : add linkedlist
2023-12-07 11:45:51,977 [INFO] IPUIPlugin:80 - create IPUIPlugin
2023-12-07 11:45:51,977 [INFO] PluginManager:220 - loadIPPluginJar : add tracer_emb
2023-12-07 11:45:51,980 [INFO] IPUIPlugin:80 - create IPUIPlugin
2023-12-07 11:45:51,980 [INFO] PluginManager:220 - loadIPPluginJar : add dma
2023-12-07 11:45:51,981 [INFO] IPUIPlugin:80 - create IPUIPlugin
2023-12-07 11:45:51,982 [INFO] PluginManager:220 - loadIPPluginJar : add sai
2023-12-07 11:45:51,985 [INFO] IPUIPlugin:80 - create IPUIPlugin
2023-12-07 11:45:51,985 [INFO] PluginManager:220 - loadIPPluginJar : add freertos
2023-12-07 11:45:51,988 [INFO] IPUIPlugin:80 - create IPUIPlugin
2023-12-07 11:45:51,988 [INFO] PluginManager:220 - loadIPPluginJar : add mdma
2023-12-07 11:45:51,989 [INFO] IPUIPlugin:80 - create IPUIPlugin
2023-12-07 11:45:51,989 [INFO] PluginManager:220 - loadIPPluginJar : add genericplugin
2023-12-07 11:45:51,990 [INFO] IPUIPlugin:80 - create IPUIPlugin
2023-12-07 11:45:51,990 [INFO] PluginManager:220 - loadIPPluginJar : add tsc
2023-12-07 11:45:51,991 [INFO] IPUIPlugin:80 - create IPUIPlugin
2023-12-07 11:45:51,991 [INFO] PluginManager:220 - loadIPPluginJar : add pdm2pcm
2023-12-07 11:45:51,992 [INFO] IPUIPlugin:80 - create IPUIPlugin
2023-12-07 11:45:51,992 [INFO] PluginManager:220 - loadIPPluginJar : add fatfs
2023-12-07 11:45:51,993 [INFO] IPUIPlugin:80 - create IPUIPlugin
2023-12-07 11:45:51,993 [INFO] PluginManager:220 - loadIPPluginJar : add can
2023-12-07 11:45:51,994 [INFO] IPUIPlugin:80 - create IPUIPlugin
2023-12-07 11:45:51,995 [INFO] PluginManager:220 - loadIPPluginJar : add i3c
2023-12-07 11:45:51,995 [INFO] IPUIPlugin:80 - create IPUIPlugin
2023-12-07 11:45:51,995 [INFO] PluginManager:220 - loadIPPluginJar : add i2s
2023-12-07 11:45:51,996 [INFO] IPUIPlugin:80 - create IPUIPlugin
2023-12-07 11:45:51,997 [INFO] PluginManager:220 - loadIPPluginJar : add i2c
2023-12-07 11:45:51,998 [INFO] IPUIPlugin:80 - create IPUIPlugin
2023-12-07 11:45:51,998 [INFO] PluginManager:220 - loadIPPluginJar : add spi
2023-12-07 11:45:51,999 [INFO] IPUIPlugin:80 - create IPUIPlugin
2023-12-07 11:45:51,999 [INFO] PluginManager:220 - loadIPPluginJar : add dfsdm
2023-12-07 11:45:51,999 [INFO] IPUIPlugin:80 - create IPUIPlugin
2023-12-07 11:45:51,999 [INFO] PluginManager:220 - loadIPPluginJar : add tim
2023-12-07 11:45:52,000 [INFO] IPUIPlugin:80 - create IPUIPlugin
2023-12-07 11:45:52,000 [INFO] PluginManager:220 - loadIPPluginJar : add opamp
2023-12-07 11:45:52,001 [INFO] IPUIPlugin:80 - create IPUIPlugin
2023-12-07 11:45:52,001 [INFO] PluginManager:220 - loadIPPluginJar : add dma3
2023-12-07 11:45:52,003 [INFO] IPUIPlugin:80 - create IPUIPlugin
2023-12-07 11:45:52,003 [INFO] PluginManager:220 - loadIPPluginJar : add ipddr
2023-12-07 11:45:52,004 [INFO] IPUIPlugin:80 - create IPUIPlugin
2023-12-07 11:45:52,004 [INFO] PluginManager:220 - loadIPPluginJar : add comp
2023-12-07 11:45:52,006 [INFO] IPUIPlugin:80 - create IPUIPlugin
2023-12-07 11:45:52,006 [INFO] PluginManager:220 - loadIPPluginJar : add resmgrutility
2023-12-07 11:45:52,007 [INFO] IPUIPlugin:80 - create IPUIPlugin
2023-12-07 11:45:52,007 [INFO] PluginManager:220 - loadIPPluginJar : add gtzc
2023-12-07 11:45:52,010 [INFO] IPUIPlugin:80 - create IPUIPlugin
2023-12-07 11:45:52,010 [INFO] PluginManager:220 - loadIPPluginJar : add gpio
2023-12-07 11:45:52,011 [INFO] IPUIPlugin:80 - create IPUIPlugin
2023-12-07 11:45:52,011 [INFO] PluginManager:220 - loadIPPluginJar : add usart
2023-12-07 11:45:52,012 [INFO] IPUIPlugin:80 - create IPUIPlugin
2023-12-07 11:45:52,012 [INFO] PluginManager:220 - loadIPPluginJar : add lorawan
2023-12-07 11:45:52,015 [INFO] IPUIPlugin:80 - create IPUIPlugin
2023-12-07 11:45:52,015 [INFO] PluginManager:220 - loadIPPluginJar : add gic
2023-12-07 11:45:52,106 [INFO] CADModel:165 - CPN selected for project level
2023-12-07 11:45:52,106 [INFO] CADModel:114 - Register for checkConnection events
2023-12-07 11:45:52,106 [FATAL] Updater:308 - Updater called before beeing initialized
2023-12-07 11:45:52,106 [ERROR] CADModel:125 - Updater not yet initialized, retry later 
2023-12-07 11:45:52,182 [INFO] CADModel:165 - CPN selected for project level
2023-12-07 11:45:52,182 [INFO] CADModel:114 - Register for checkConnection events
2023-12-07 11:45:52,183 [FATAL] Updater:308 - Updater called before beeing initialized
2023-12-07 11:45:52,183 [ERROR] CADModel:125 - Updater not yet initialized, retry later 
2023-12-07 11:45:52,185 [FATAL] Updater:308 - Updater called before beeing initialized
2023-12-07 11:45:52,256 [FATAL] Updater:308 - Updater called before beeing initialized
2023-12-07 11:45:52,260 [INFO] DbMcusAds:53 - JSON generation date=Thu Sep 30 09:55:09 EEST 2021 (1632984909247)
2023-12-07 11:45:52,261 [FATAL] Updater:308 - Updater called before beeing initialized
2023-12-07 11:45:52,288 [WARN] DetailPanel:346 - Failed to get advertising image, set to default
2023-12-07 11:45:52,346 [FATAL] Updater:308 - Updater called before beeing initialized
2023-12-07 11:45:52,350 [FATAL] Updater:308 - Updater called before beeing initialized
2023-12-07 11:45:52,350 [FATAL] Updater:308 - Updater called before beeing initialized
2023-12-07 11:45:52,350 [WARN] DetailPanel:346 - Failed to get advertising image, set to default
2023-12-07 11:45:52,351 [FATAL] Updater:308 - Updater called before beeing initialized
2023-12-07 11:45:52,376 [ERROR] Updater:1120 - MainUpdater not yet initialized. External WinMGr cannot be set.
2023-12-07 11:45:52,378 [INFO] Updater:1056 - Updater Version found : 6.10.0
2023-12-07 11:45:52,397 [INFO] ApplicationProperties:184 - Using Application install path: /opt/st/stm32cubeide_1.14.0/plugins/com.st.stm32cube.common.mx_6.10.0.202311202037
2023-12-07 11:45:52,751 [INFO] MainUpdater:2873 - connection check result : 10
2023-12-07 11:45:52,752 [INFO] MainUpdater:290 - Updater Check For Update Now.
2023-12-07 11:45:52,752 [INFO] MicroXplorer:498 - Change Database Version : DB.6.0.100
2023-12-07 11:45:52,757 [INFO] McuFinderGlobals:63 - Set McuFinder mode to 2 (CubeIDE integrated)
2023-12-07 11:45:52,758 [INFO] UserAuth:180 - activating auth plugin
2023-12-07 11:45:52,763 [INFO] UserAuth:404 - Internet connection configuration mode: 1
2023-12-07 11:45:52,777 [INFO] JxBrowserEngine:152 - Initiate JxBrowser Engine with user profile folder
2023-12-07 11:45:52,907 [INFO] CheckServerUpdateThread:120 - End of CheckServer Thread
2023-12-07 11:45:53,414 [INFO] WebApp:161 - Instantiating new browser for Auth
2023-12-07 11:45:53,754 [INFO] WebApp:780 - Register for checkConnection events
2023-12-07 11:45:53,755 [INFO] WebApp:414 - Apply proxy settings
2023-12-07 11:45:53,755 [INFO] WebApp:499 - Chromium requires no authentication
2023-12-07 11:45:53,758 [INFO] WebApp:442 - Direct internet connection detected
2023-12-07 11:45:53,828 [INFO] WebApp:192 - Starting web application
2023-12-07 11:45:53,828 [INFO] WebApp:544 - Web application path used /opt/st/stm32cubeide_1.14.0/plugins/com.st.stm32cube.common.mx_6.10.0.202311202037/db/plugins/mcufinder/reactClient1/index.html
2023-12-07 11:45:54,774 [WARN] PackLoader:240 - Cannot read IP mode file for STMicroelectronics.X-CUBE-SMBUS.2.1.0
2023-12-07 11:45:54,793 [WARN] PackLoader:240 - Cannot read IP mode file for STMicroelectronics.X-CUBE-AZRTOS-F7.1.1.0
2023-12-07 11:45:54,800 [WARN] PackLoader:240 - Cannot read IP mode file for STMicroelectronics.FP-SNS-MOTENV1.4.3.2
2023-12-07 11:45:54,804 [WARN] PackLoader:240 - Cannot read IP mode file for STMicroelectronics.FP-SNS-FLIGHT1.5.0.2
2023-12-07 11:45:54,810 [WARN] PackLoader:240 - Cannot read IP mode file for STMicroelectronics.X-CUBE-DISPLAY.3.0.0
2023-12-07 11:45:54,818 [WARN] PackLoader:240 - Cannot read IP mode file for STMicroelectronics.X-CUBE-BLE1.7.0.0
2023-12-07 11:45:54,822 [WARN] PackLoader:240 - Cannot read IP mode file for emotas.I-CUBE-CANOPEN.1.3.0
2023-12-07 11:45:54,825 [WARN] PackLoader:240 - Cannot read IP mode file for STMicroelectronics.X-CUBE-TOUCHGFX.4.22.1
2023-12-07 11:45:54,830 [WARN] PackLoader:240 - Cannot read IP mode file for STMicroelectronics.FP-SNS-SMARTAG2.1.2.0
2023-12-07 11:45:54,841 [INFO] LogOutputStream:77 - [STDOUT_REDIRECT] 1 : Invalid condition id : UX_CORESTACK_Condition cause : null
2023-12-07 11:45:54,842 [INFO] LogOutputStream:77 - [STDOUT_REDIRECT] 1 : Invalid condition id : UX_CORESTACK_Condition cause : null
2023-12-07 11:45:54,842 [INFO] LogOutputStream:77 - [STDOUT_REDIRECT] 1 : Invalid condition id : UX_CORESTACK_Condition cause : null
2023-12-07 11:45:54,842 [INFO] LogOutputStream:77 - [STDOUT_REDIRECT] 1 : Invalid condition id : UX_CORESTACK_Condition cause : null
2023-12-07 11:45:54,842 [INFO] LogOutputStream:77 - [STDOUT_REDIRECT] 1 : Invalid condition id : UX_CORESTACK_Condition cause : null
2023-12-07 11:45:54,847 [WARN] PackLoader:240 - Cannot read IP mode file for STMicroelectronics.X-CUBE-AZRTOS-WL.2.0.0
2023-12-07 11:45:54,853 [WARN] PackLoader:240 - Cannot read IP mode file for WES.I-CUBE-Cesium.1.3.0
2023-12-07 11:45:54,856 [WARN] PackLoader:240 - Cannot read IP mode file for STMicroelectronics.X-CUBE-BLE2.3.3.0
2023-12-07 11:45:54,861 [WARN] PackLoader:240 - Cannot read IP mode file for STMicroelectronics.X-CUBE-ALGOBUILD.1.3.0
2023-12-07 11:45:54,877 [WARN] PackLoader:240 - Cannot read IP mode file for STMicroelectronics.X-CUBE-AZRTOS-G0.1.1.0
2023-12-07 11:45:54,883 [WARN] PackLoader:240 - Cannot read IP mode file for STMicroelectronics.X-CUBE-NFC4.3.0.0
2023-12-07 11:45:54,892 [WARN] PackLoader:240 - Cannot read IP mode file for STMicroelectronics.X-CUBE-BLEMGR.3.0.0
2023-12-07 11:45:54,898 [WARN] PackLoader:240 - Cannot read IP mode file for STMicroelectronics.FP-ATR-SIGFOX1.3.2.0
2023-12-07 11:45:54,902 [WARN] PackLoader:240 - Cannot read IP mode file for STMicroelectronics.X-CUBE-GNSS1.6.0.0
2023-12-07 11:45:54,917 [WARN] PackLoader:240 - Cannot read IP mode file for STMicroelectronics.X-CUBE-AZRTOS-F4.1.1.0
2023-12-07 11:45:54,923 [WARN] PackLoader:240 - Cannot read IP mode file for wolfSSL.I-CUBE-wolfSSL.5.6.4
2023-12-07 11:45:54,938 [WARN] PackLoader:240 - Cannot read IP mode file for STMicroelectronics.X-CUBE-AZRTOS-L5.2.0.0
2023-12-07 11:45:54,944 [WARN] PackLoader:240 - Cannot read IP mode file for STMicroelectronics.X-CUBE-EEPRMA1.4.2.0
2023-12-07 11:45:54,950 [WARN] PackLoader:240 - Cannot read IP mode file for ITTIA_DB.I-CUBE-ITTIADB.8.8.0
2023-12-07 11:45:54,979 [WARN] ConditionMgr:438 - getConditionDescription Invalid condition id : UX DEVICE CLASS RTOS Condition cause : null
2023-12-07 11:45:54,979 [WARN] ConditionMgr:438 - getConditionDescription Invalid condition id : UX DEVICE CLASS RTOS Condition cause : null
2023-12-07 11:45:54,983 [WARN] PackLoader:240 - Cannot read IP mode file for STMicroelectronics.X-CUBE-AZRTOS-H7.3.1.0
2023-12-07 11:45:54,985 [WARN] ConditionMgr:1039 - genDependencies : Invalid condition id : UX DEVICE CLASS RTOS Condition cause : null
2023-12-07 11:45:54,985 [WARN] ConditionMgr:1039 - genDependencies : Invalid condition id : UX DEVICE CLASS RTOS Condition cause : null
2023-12-07 11:45:54,986 [WARN] ConditionMgr:1039 - genDependencies : Invalid condition id : UX DEVICE CLASS RTOS Condition cause : null
2023-12-07 11:45:54,986 [WARN] ConditionMgr:1039 - genDependencies : Invalid condition id : UX DEVICE CLASS RTOS Condition cause : null
2023-12-07 11:45:54,986 [WARN] ConditionMgr:1039 - genDependencies : Invalid condition id : UX DEVICE CLASS RTOS Condition cause : null
2023-12-07 11:45:54,992 [WARN] PackLoader:240 - Cannot read IP mode file for STMicroelectronics.X-CUBE-NFC7.1.0.1
2023-12-07 11:45:54,997 [WARN] PackLoader:240 - Cannot read IP mode file for STMicroelectronics.X-CUBE-NFC6.3.0.0
2023-12-07 11:45:55,002 [WARN] PackLoader:240 - Cannot read IP mode file for STMicroelectronics.X-CUBE-AI.8.1.0
2023-12-07 11:45:55,016 [WARN] ConditionMgr:438 - getConditionDescription Invalid condition id : LAN8742 Phy interface Condition cause : null
2023-12-07 11:45:55,016 [WARN] PackLoader:240 - Cannot read IP mode file for STMicroelectronics.X-CUBE-AZRTOS-L4.2.0.0
2023-12-07 11:45:55,017 [WARN] ConditionMgr:1039 - genDependencies : Invalid condition id : LAN8742 Phy interface Condition cause : null
2023-12-07 11:45:55,017 [WARN] ConditionMgr:1039 - genDependencies : Invalid condition id : LAN8742 Phy interface Condition cause : null
2023-12-07 11:45:55,018 [WARN] ConditionMgr:1039 - genDependencies : Invalid condition id : LAN8742 Phy interface Condition cause : null
2023-12-07 11:45:55,022 [WARN] PackLoader:240 - Cannot read IP mode file for STMicroelectronics.X-CUBE-SFXS2LP1.4.0.0
2023-12-07 11:45:55,025 [WARN] PackLoader:240 - Cannot read IP mode file for STMicroelectronics.X-CUBE-ISPU.1.1.0
2023-12-07 11:45:55,033 [WARN] ConditionMgr:438 - getConditionDescription Invalid condition id : UX DEVICE CLASS RTOS Condition cause : null
2023-12-07 11:45:55,033 [WARN] ConditionMgr:438 - getConditionDescription Invalid condition id : UX DEVICE CLASS RTOS Condition cause : null
2023-12-07 11:45:55,035 [WARN] PackLoader:240 - Cannot read IP mode file for STMicroelectronics.X-CUBE-AZRTOS-WB.2.0.0
2023-12-07 11:45:55,035 [WARN] ConditionMgr:1039 - genDependencies : Invalid condition id : UX DEVICE CLASS RTOS Condition cause : null
2023-12-07 11:45:55,035 [WARN] ConditionMgr:1039 - genDependencies : Invalid condition id : UX DEVICE CLASS RTOS Condition cause : null
2023-12-07 11:45:55,036 [WARN] ConditionMgr:1039 - genDependencies : Invalid condition id : UX DEVICE CLASS RTOS Condition cause : null
2023-12-07 11:45:55,036 [WARN] ConditionMgr:1039 - genDependencies : Invalid condition id : UX DEVICE CLASS RTOS Condition cause : null
2023-12-07 11:45:55,036 [WARN] ConditionMgr:1039 - genDependencies : Invalid condition id : UX DEVICE CLASS RTOS Condition cause : null
2023-12-07 11:45:55,043 [WARN] PackLoader:240 - Cannot read IP mode file for STMicroelectronics.X-CUBE-SUBG2.5.0.0
2023-12-07 11:45:55,056 [WARN] PackLoader:240 - Cannot read IP mode file for STMicroelectronics.X-CUBE-AZRTOS-G4.2.0.0
2023-12-07 11:45:55,067 [WARN] PackLoader:240 - Cannot read IP mode file for Infineon.AIROC-Wi-Fi-Bluetooth-STM32.1.5.1
2023-12-07 11:45:55,073 [WARN] PackLoader:240 - Cannot read IP mode file for STMicroelectronics.FP-SNS-MOTENVWB1.1.3.1
2023-12-07 11:45:55,100 [WARN] PackLoader:240 - Cannot read IP mode file for STMicroelectronics.X-CUBE-MEMS1.10.0.0
2023-12-07 11:45:55,244 [WARN] PackLoader:240 - Cannot read IP mode file for STMicroelectronics.X-CUBE-FREERTOS.1.1.0
2023-12-07 11:45:55,250 [WARN] PackLoader:240 - Cannot read IP mode file for portGmbH.I-Cube-SoM-uGOAL.1.1.0
2023-12-07 11:45:55,255 [WARN] PackLoader:240 - Cannot read IP mode file for STMicroelectronics.X-CUBE-ALS.1.0.1
2023-12-07 11:45:55,259 [WARN] PackLoader:240 - Cannot read IP mode file for STMicroelectronics.FP-ATR-ASTRA1.2.0.0
2023-12-07 11:45:55,267 [WARN] PackLoader:240 - Cannot read IP mode file for STMicroelectronics.X-CUBE-TOF1.3.4.0
2023-12-07 11:45:55,275 [INFO] ThirdParty:978 - Integrity check success = true
2023-12-07 11:45:55,276 [INFO] IntegrityCheckThread:100 - exiting critical section [integrity check]
2023-12-07 11:45:55,276 [INFO] IntegrityCheckThread:103 - End integrity checks thread
2023-12-07 11:46:14,262 [ERROR] LogOutputStream:75 - [STDERR_REDIRECT] SLF4J: Failed to load class "org.slf4j.impl.StaticLoggerBinder".
2023-12-07 11:46:14,262 [ERROR] LogOutputStream:75 - [STDERR_REDIRECT] SLF4J: Defaulting to no-operation (NOP) logger implementation
2023-12-07 11:46:14,262 [ERROR] LogOutputStream:75 - [STDERR_REDIRECT] SLF4J: See http://www.slf4j.org/codes.html#StaticLoggerBinder for further details.
