2023-12-11 12:19:46,412 [INFO] Activator:176 - 


2023-12-11 12:19:46,415 [INFO] Activator:177 - !SESSION log4j initialized
2023-12-11 12:19:48,496 [INFO] LogOutputStream:77 - [STDOUT_REDIRECT] 
2023-12-11 12:19:49,294 [INFO] ApplicationProperties:184 - Using Application install path: /opt/st/stm32cubeide_1.14.0/plugins/com.st.stm32cube.common.mx_6.10.0.202311202037
2023-12-11 12:19:49,318 [INFO] DbMcusXml:78 - Set database path to: /opt/st/stm32cubeide_1.14.0/plugins/com.st.stm32cube.common.mx_6.10.0.202311202037//db//mcu/
2023-12-11 12:19:49,318 [INFO] ApiDb:274 - Set plugin database path to: /opt/st/stm32cubeide_1.14.0/plugins/com.st.stm32cube.common.mx_6.10.0.202311202037//db//plugins/boardmanager/
2023-12-11 12:19:49,319 [WARN] ApiDb:259 - Overriding images path with different value:  => /opt/st/stm32cubeide_1.14.0/plugins/com.st.stm32cube.common.mx_6.10.0.202311202037//db//plugins/mcufinder/images/
2023-12-11 12:19:49,328 [INFO] ApiDb:250 - Set database path to: /home/frank/.stmcufinder/plugins/mcufinder//mcu/
2023-12-11 12:19:49,330 [INFO] DbMcusAds:125 - Set database path to: /home/frank/.stmcufinder/plugins/mcufinder//mcu/
2023-12-11 12:19:49,332 [INFO] CrossReferenceDbSqlite:203 - Set database path to: /home/frank/.stmcufinder/plugins/mcufinder//mcu/cs/
2023-12-11 12:19:49,467 [INFO] RulesReader:64 - Compatibility file has been processed (297 Rules)
2023-12-11 12:19:49,524 [INFO] DbMcusXml:78 - Set database path to: /opt/st/stm32cubeide_1.14.0/plugins/com.st.stm32cube.common.mx_6.10.0.202311202037//db//mcu/
2023-12-11 12:19:49,524 [INFO] ApiDb:274 - Set plugin database path to: /opt/st/stm32cubeide_1.14.0/plugins/com.st.stm32cube.common.mx_6.10.0.202311202037//db//plugins/boardmanager/
2023-12-11 12:19:49,524 [INFO] ApiDb:261 - Set plugin images path to: /opt/st/stm32cubeide_1.14.0/plugins/com.st.stm32cube.common.mx_6.10.0.202311202037//db//plugins/mcufinder/images/
2023-12-11 12:19:49,525 [WARN] DbFile:41 - Overriding database path with different value: /home/frank/.stmcufinder/plugins/mcufinder/ => /home/frank/.stmcufinder/plugins/mcufinder
2023-12-11 12:19:49,525 [INFO] ApiDb:250 - Set database path to: /home/frank/.stmcufinder/plugins/mcufinder//mcu/
2023-12-11 12:19:49,525 [WARN] DbFile:41 - Overriding database path with different value: /home/frank/.stmcufinder/plugins/mcufinder/ => /home/frank/.stmcufinder/plugins/mcufinder
2023-12-11 12:19:49,525 [INFO] DbMcusAds:125 - Set database path to: /home/frank/.stmcufinder/plugins/mcufinder//mcu/
2023-12-11 12:19:49,525 [WARN] DbFile:41 - Overriding database path with different value: /home/frank/.stmcufinder/plugins/mcufinder/ => /home/frank/.stmcufinder/plugins/mcufinder
2023-12-11 12:19:49,525 [WARN] DbFile:41 - Overriding database path with different value: /home/frank/.stmcufinder/plugins/mcufinder/ => /home/frank/.stmcufinder/plugins/mcufinder
2023-12-11 12:19:49,525 [INFO] CrossReferenceDbSqlite:203 - Set database path to: /home/frank/.stmcufinder/plugins/mcufinder//mcu/cs/
2023-12-11 12:19:49,576 [INFO] MainPanel:264 - HeapMemory: 268435456
2023-12-11 12:19:49,635 [INFO] DbMcusXml:78 - Set database path to: /opt/st/stm32cubeide_1.14.0/plugins/com.st.stm32cube.common.mx_6.10.0.202311202037//db//mcu/
2023-12-11 12:19:49,636 [INFO] ApiDb:274 - Set plugin database path to: /opt/st/stm32cubeide_1.14.0/plugins/com.st.stm32cube.common.mx_6.10.0.202311202037//db//plugins/boardmanager/
2023-12-11 12:19:49,636 [INFO] ApiDb:261 - Set plugin images path to: /opt/st/stm32cubeide_1.14.0/plugins/com.st.stm32cube.common.mx_6.10.0.202311202037//db//plugins/mcufinder/images/
2023-12-11 12:19:49,636 [WARN] DbFile:41 - Overriding database path with different value: /home/frank/.stmcufinder/plugins/mcufinder/ => /home/frank/.stmcufinder/plugins/mcufinder
2023-12-11 12:19:49,636 [INFO] ApiDb:250 - Set database path to: /home/frank/.stmcufinder/plugins/mcufinder//mcu/
2023-12-11 12:19:49,636 [WARN] DbFile:41 - Overriding database path with different value: /home/frank/.stmcufinder/plugins/mcufinder/ => /home/frank/.stmcufinder/plugins/mcufinder
2023-12-11 12:19:49,636 [INFO] DbMcusAds:125 - Set database path to: /home/frank/.stmcufinder/plugins/mcufinder//mcu/
2023-12-11 12:19:49,636 [WARN] DbFile:41 - Overriding database path with different value: /home/frank/.stmcufinder/plugins/mcufinder/ => /home/frank/.stmcufinder/plugins/mcufinder
2023-12-11 12:19:49,636 [WARN] DbFile:41 - Overriding database path with different value: /home/frank/.stmcufinder/plugins/mcufinder/ => /home/frank/.stmcufinder/plugins/mcufinder
2023-12-11 12:19:49,636 [INFO] CrossReferenceDbSqlite:203 - Set database path to: /home/frank/.stmcufinder/plugins/mcufinder//mcu/cs/
2023-12-11 12:19:49,646 [INFO] ApplicationProperties:184 - Using Application install path: /opt/st/stm32cubeide_1.14.0/plugins/com.st.stm32cube.common.mx_6.10.0.202311202037
2023-12-11 12:19:49,647 [INFO] PluginManage:196 - Search for loadable plugins [exclusion list=, ]
2023-12-11 12:19:49,648 [INFO] PluginManage:310 - Check plugin analytics
2023-12-11 12:19:49,735 [INFO] AnalyticsPlugin:253 - Accepted Software Licenses: 
2023-12-11 12:19:49,735 [INFO] AnalyticsPlugin:255 - Accepted CMSIS Pack Licenses: 
2023-12-11 12:19:49,735 [INFO] AnalyticsPlugin:257 - Accepted Firmware Licenses: FW.F4.1.28.0
2023-12-11 12:19:49,737 [INFO] PluginManage:359 - Loaded plugin analytics (category:tool,tabindex:-1)
2023-12-11 12:19:49,737 [INFO] PluginManage:310 - Check plugin cadmodel
2023-12-11 12:19:49,752 [INFO] CADModel:105 - Init CAD model plugin
2023-12-11 12:19:49,752 [INFO] PluginManage:359 - Loaded plugin cadmodel (category:power,tabindex:5)
2023-12-11 12:19:49,752 [INFO] PluginManage:310 - Check plugin clock
2023-12-11 12:19:49,758 [INFO] PluginManage:359 - Loaded plugin clock (category:base,tabindex:2)
2023-12-11 12:19:49,759 [INFO] PluginManage:310 - Check plugin ddr
2023-12-11 12:19:49,760 [INFO] PluginManage:359 - Loaded plugin ddr (category:tool,tabindex:6)
2023-12-11 12:19:49,760 [INFO] PluginManage:310 - Check plugin filemanager
2023-12-11 12:19:49,835 [INFO] PluginManage:359 - Loaded plugin filemanager (category:base,tabindex:10)
2023-12-11 12:19:49,835 [INFO] PluginManage:310 - Check plugin ipmanager
2023-12-11 12:19:49,838 [INFO] PluginManage:359 - Loaded plugin ipmanager (category:base,tabindex:5)
2023-12-11 12:19:49,838 [INFO] PluginManage:310 - Check plugin lpbam
2023-12-11 12:19:49,843 [INFO] PluginManage:359 - Loaded plugin lpbam (category:base,tabindex:0)
2023-12-11 12:19:49,843 [INFO] PluginManage:310 - Check plugin memorymap
2023-12-11 12:19:49,849 [INFO] PluginManage:359 - Loaded plugin memorymap (category:base,tabindex:4)
2023-12-11 12:19:49,849 [INFO] PluginManage:310 - Check plugin pinoutandconfiguration
2023-12-11 12:19:49,853 [INFO] PluginManage:359 - Loaded plugin pinoutandconfiguration (category:base,tabindex:1)
2023-12-11 12:19:49,853 [INFO] PluginManage:310 - Check plugin pinoutconfig
2023-12-11 12:19:49,899 [WARN] SupportedApi:132 - Cannot load RTOS API schema: s4s-elt-must-match.1: The content of 'definitions' must match (annotation?, (simpleType | complexType)?, (unique | key | keyref)*)). A problem was found starting at: attribute.
2023-12-11 12:19:49,969 [INFO] PluginManage:359 - Loaded plugin pinoutconfig (category:base,tabindex:0)
2023-12-11 12:19:49,969 [INFO] PluginManage:310 - Check plugin power
2023-12-11 12:19:49,975 [INFO] PluginManage:359 - Loaded plugin power (category:power,tabindex:4)
2023-12-11 12:19:49,975 [INFO] PluginManage:310 - Check plugin projectmanager
2023-12-11 12:19:49,986 [INFO] PluginManage:359 - Loaded plugin projectmanager (category:projectmanager,tabindex:3)
2023-12-11 12:19:49,987 [INFO] PluginManage:310 - Check plugin thirdparty
2023-12-11 12:19:50,055 [INFO] PluginManage:359 - Loaded plugin thirdparty (category:base,tabindex:-1)
2023-12-11 12:19:50,055 [WARN] IntegrityCheckThread:84 - waiting for thirdparty lock release [integrity check]
2023-12-11 12:19:50,055 [INFO] PluginManage:310 - Check plugin tools
2023-12-11 12:19:50,055 [INFO] IntegrityCheckThread:86 - entering critical section [integrity check]
2023-12-11 12:19:50,056 [INFO] ThirdPartyUpdaterWithRetryManager:70 - Updater plugin not ready yet. [1/15]
2023-12-11 12:19:50,057 [INFO] PluginManage:359 - Loaded plugin tools (category:base,tabindex:7)
2023-12-11 12:19:50,057 [INFO] PluginManage:310 - Check plugin tutovideos
2023-12-11 12:19:50,149 [INFO] PluginManage:359 - Loaded plugin tutovideos (category:base,tabindex:-1)
2023-12-11 12:19:50,149 [INFO] PluginManage:310 - Check plugin updater
2023-12-11 12:19:50,157 [INFO] PluginManage:359 - Loaded plugin updater (category:base,tabindex:12)
2023-12-11 12:19:50,157 [INFO] PluginManage:310 - Check plugin userauth
2023-12-11 12:19:50,160 [INFO] UserAuth:114 - Init User Auth plugin
2023-12-11 12:19:50,161 [INFO] PluginManage:359 - Loaded plugin userauth (category:base,tabindex:14)
2023-12-11 12:19:50,161 [INFO] PluginManage:283 - PluginManage : Loaded plugins [17]
2023-12-11 12:19:50,268 [INFO] PinOutPanel:1499 - setPackage(No Configuration,No Configuration)
2023-12-11 12:19:50,304 [INFO] CADModel:165 - CPN selected for project level
2023-12-11 12:19:50,304 [INFO] CADModel:114 - Register for checkConnection events
2023-12-11 12:19:50,309 [INFO] IPUIPlugin:80 - create IPUIPlugin
2023-12-11 12:19:50,309 [INFO] PluginManager:220 - loadIPPluginJar : add ucpd
2023-12-11 12:19:50,310 [INFO] IPUIPlugin:80 - create IPUIPlugin
2023-12-11 12:19:50,310 [INFO] PluginManager:220 - loadIPPluginJar : add ltdc
2023-12-11 12:19:50,314 [INFO] IPUIPlugin:80 - create IPUIPlugin
2023-12-11 12:19:50,315 [INFO] PluginManager:220 - loadIPPluginJar : add plateformsettings
2023-12-11 12:19:50,318 [INFO] IPUIPlugin:80 - create IPUIPlugin
2023-12-11 12:19:50,318 [INFO] PluginManager:220 - loadIPPluginJar : add hash
2023-12-11 12:19:50,319 [INFO] IPUIPlugin:80 - create IPUIPlugin
2023-12-11 12:19:50,319 [INFO] PluginManager:220 - loadIPPluginJar : add gfxmmu
2023-12-11 12:19:50,323 [INFO] IPUIPlugin:80 - create IPUIPlugin
2023-12-11 12:19:50,323 [INFO] PluginManager:220 - loadIPPluginJar : add stm32_wpan
2023-12-11 12:19:50,325 [INFO] IPUIPlugin:80 - create IPUIPlugin
2023-12-11 12:19:50,325 [INFO] PluginManager:220 - loadIPPluginJar : add ts
2023-12-11 12:19:50,326 [INFO] IPUIPlugin:80 - create IPUIPlugin
2023-12-11 12:19:50,326 [INFO] PluginManager:220 - loadIPPluginJar : add quadspi
2023-12-11 12:19:50,327 [INFO] IPUIPlugin:80 - create IPUIPlugin
2023-12-11 12:19:50,327 [INFO] PluginManager:220 - loadIPPluginJar : add usbx
2023-12-11 12:19:50,328 [INFO] IPUIPlugin:80 - create IPUIPlugin
2023-12-11 12:19:50,328 [INFO] PluginManager:220 - loadIPPluginJar : add aes
2023-12-11 12:19:50,331 [INFO] IPUIPlugin:80 - create IPUIPlugin
2023-12-11 12:19:50,331 [INFO] PluginManager:220 - loadIPPluginJar : add nvic
2023-12-11 12:19:50,334 [INFO] IPUIPlugin:80 - create IPUIPlugin
2023-12-11 12:19:50,334 [INFO] PluginManager:220 - loadIPPluginJar : add adc
2023-12-11 12:19:50,336 [INFO] IPUIPlugin:80 - create IPUIPlugin
2023-12-11 12:19:50,336 [INFO] PluginManager:220 - loadIPPluginJar : add cryp
2023-12-11 12:19:50,337 [INFO] IPUIPlugin:80 - create IPUIPlugin
2023-12-11 12:19:50,338 [INFO] PluginManager:220 - loadIPPluginJar : add touchsensing
2023-12-11 12:19:50,340 [INFO] IPUIPlugin:80 - create IPUIPlugin
2023-12-11 12:19:50,340 [INFO] PluginManager:220 - loadIPPluginJar : add fmc
2023-12-11 12:19:50,341 [INFO] IPUIPlugin:80 - create IPUIPlugin
2023-12-11 12:19:50,342 [INFO] PluginManager:220 - loadIPPluginJar : add openamp
2023-12-11 12:19:50,346 [INFO] IPUIPlugin:80 - create IPUIPlugin
2023-12-11 12:19:50,346 [INFO] PluginManager:220 - loadIPPluginJar : add linkedlist
2023-12-11 12:19:50,347 [INFO] IPUIPlugin:80 - create IPUIPlugin
2023-12-11 12:19:50,347 [INFO] PluginManager:220 - loadIPPluginJar : add tracer_emb
2023-12-11 12:19:50,350 [INFO] IPUIPlugin:80 - create IPUIPlugin
2023-12-11 12:19:50,350 [INFO] PluginManager:220 - loadIPPluginJar : add dma
2023-12-11 12:19:50,352 [INFO] IPUIPlugin:80 - create IPUIPlugin
2023-12-11 12:19:50,352 [INFO] PluginManager:220 - loadIPPluginJar : add sai
2023-12-11 12:19:50,356 [INFO] IPUIPlugin:80 - create IPUIPlugin
2023-12-11 12:19:50,356 [INFO] PluginManager:220 - loadIPPluginJar : add freertos
2023-12-11 12:19:50,360 [INFO] IPUIPlugin:80 - create IPUIPlugin
2023-12-11 12:19:50,360 [INFO] PluginManager:220 - loadIPPluginJar : add mdma
2023-12-11 12:19:50,361 [INFO] IPUIPlugin:80 - create IPUIPlugin
2023-12-11 12:19:50,361 [INFO] PluginManager:220 - loadIPPluginJar : add genericplugin
2023-12-11 12:19:50,362 [INFO] IPUIPlugin:80 - create IPUIPlugin
2023-12-11 12:19:50,363 [INFO] PluginManager:220 - loadIPPluginJar : add tsc
2023-12-11 12:19:50,364 [INFO] IPUIPlugin:80 - create IPUIPlugin
2023-12-11 12:19:50,364 [INFO] PluginManager:220 - loadIPPluginJar : add pdm2pcm
2023-12-11 12:19:50,366 [INFO] IPUIPlugin:80 - create IPUIPlugin
2023-12-11 12:19:50,366 [INFO] PluginManager:220 - loadIPPluginJar : add fatfs
2023-12-11 12:19:50,367 [INFO] IPUIPlugin:80 - create IPUIPlugin
2023-12-11 12:19:50,367 [INFO] PluginManager:220 - loadIPPluginJar : add can
2023-12-11 12:19:50,368 [INFO] IPUIPlugin:80 - create IPUIPlugin
2023-12-11 12:19:50,368 [INFO] PluginManager:220 - loadIPPluginJar : add i3c
2023-12-11 12:19:50,369 [INFO] IPUIPlugin:80 - create IPUIPlugin
2023-12-11 12:19:50,369 [INFO] PluginManager:220 - loadIPPluginJar : add i2s
2023-12-11 12:19:50,370 [INFO] IPUIPlugin:80 - create IPUIPlugin
2023-12-11 12:19:50,370 [INFO] PluginManager:220 - loadIPPluginJar : add i2c
2023-12-11 12:19:50,371 [INFO] IPUIPlugin:80 - create IPUIPlugin
2023-12-11 12:19:50,371 [INFO] PluginManager:220 - loadIPPluginJar : add spi
2023-12-11 12:19:50,372 [INFO] IPUIPlugin:80 - create IPUIPlugin
2023-12-11 12:19:50,372 [INFO] PluginManager:220 - loadIPPluginJar : add dfsdm
2023-12-11 12:19:50,373 [INFO] IPUIPlugin:80 - create IPUIPlugin
2023-12-11 12:19:50,373 [INFO] PluginManager:220 - loadIPPluginJar : add tim
2023-12-11 12:19:50,375 [INFO] IPUIPlugin:80 - create IPUIPlugin
2023-12-11 12:19:50,375 [INFO] PluginManager:220 - loadIPPluginJar : add opamp
2023-12-11 12:19:50,376 [INFO] IPUIPlugin:80 - create IPUIPlugin
2023-12-11 12:19:50,376 [INFO] PluginManager:220 - loadIPPluginJar : add dma3
2023-12-11 12:19:50,377 [INFO] IPUIPlugin:80 - create IPUIPlugin
2023-12-11 12:19:50,377 [INFO] PluginManager:220 - loadIPPluginJar : add ipddr
2023-12-11 12:19:50,378 [INFO] IPUIPlugin:80 - create IPUIPlugin
2023-12-11 12:19:50,378 [INFO] PluginManager:220 - loadIPPluginJar : add comp
2023-12-11 12:19:50,380 [INFO] IPUIPlugin:80 - create IPUIPlugin
2023-12-11 12:19:50,380 [INFO] PluginManager:220 - loadIPPluginJar : add resmgrutility
2023-12-11 12:19:50,382 [INFO] IPUIPlugin:80 - create IPUIPlugin
2023-12-11 12:19:50,382 [INFO] PluginManager:220 - loadIPPluginJar : add gtzc
2023-12-11 12:19:50,386 [INFO] IPUIPlugin:80 - create IPUIPlugin
2023-12-11 12:19:50,387 [INFO] PluginManager:220 - loadIPPluginJar : add gpio
2023-12-11 12:19:50,389 [INFO] IPUIPlugin:80 - create IPUIPlugin
2023-12-11 12:19:50,389 [INFO] PluginManager:220 - loadIPPluginJar : add usart
2023-12-11 12:19:50,390 [INFO] IPUIPlugin:80 - create IPUIPlugin
2023-12-11 12:19:50,390 [INFO] PluginManager:220 - loadIPPluginJar : add lorawan
2023-12-11 12:19:50,395 [INFO] IPUIPlugin:80 - create IPUIPlugin
2023-12-11 12:19:50,395 [INFO] PluginManager:220 - loadIPPluginJar : add gic
2023-12-11 12:19:50,487 [INFO] CADModel:165 - CPN selected for project level
2023-12-11 12:19:50,487 [INFO] CADModel:114 - Register for checkConnection events
2023-12-11 12:19:50,487 [FATAL] Updater:308 - Updater called before beeing initialized
2023-12-11 12:19:50,487 [ERROR] CADModel:125 - Updater not yet initialized, retry later 
2023-12-11 12:19:50,565 [INFO] CADModel:165 - CPN selected for project level
2023-12-11 12:19:50,565 [INFO] CADModel:114 - Register for checkConnection events
2023-12-11 12:19:50,565 [FATAL] Updater:308 - Updater called before beeing initialized
2023-12-11 12:19:50,565 [ERROR] CADModel:125 - Updater not yet initialized, retry later 
2023-12-11 12:19:50,567 [FATAL] Updater:308 - Updater called before beeing initialized
2023-12-11 12:19:50,624 [FATAL] Updater:308 - Updater called before beeing initialized
2023-12-11 12:19:50,627 [INFO] DbMcusAds:53 - JSON generation date=Wed Nov 29 12:52:38 EET 2023 (1701255158764)
2023-12-11 12:19:50,627 [FATAL] Updater:308 - Updater called before beeing initialized
2023-12-11 12:19:50,650 [WARN] DetailPanel:346 - Failed to get advertising image, set to default
2023-12-11 12:19:50,721 [FATAL] Updater:308 - Updater called before beeing initialized
2023-12-11 12:19:50,723 [FATAL] Updater:308 - Updater called before beeing initialized
2023-12-11 12:19:50,723 [FATAL] Updater:308 - Updater called before beeing initialized
2023-12-11 12:19:50,723 [WARN] DetailPanel:346 - Failed to get advertising image, set to default
2023-12-11 12:19:50,724 [FATAL] Updater:308 - Updater called before beeing initialized
2023-12-11 12:19:50,744 [ERROR] Updater:1120 - MainUpdater not yet initialized. External WinMGr cannot be set.
2023-12-11 12:19:50,745 [INFO] Updater:1056 - Updater Version found : 6.10.0
2023-12-11 12:19:50,756 [INFO] ApplicationProperties:184 - Using Application install path: /opt/st/stm32cubeide_1.14.0/plugins/com.st.stm32cube.common.mx_6.10.0.202311202037
2023-12-11 12:19:50,959 [INFO] MainUpdater:2873 - connection check result : 10
2023-12-11 12:19:50,959 [INFO] MainUpdater:290 - Updater Check For Update Now.
2023-12-11 12:19:50,960 [INFO] MicroXplorer:498 - Change Database Version : DB.6.0.100
2023-12-11 12:19:50,962 [INFO] McuFinderGlobals:63 - Set McuFinder mode to 2 (CubeIDE integrated)
2023-12-11 12:19:51,105 [INFO] CheckServerUpdateThread:120 - End of CheckServer Thread
2023-12-11 12:19:51,216 [INFO] UserAuth:404 - Internet connection configuration mode: 1
2023-12-11 12:19:51,224 [INFO] JxBrowserEngine:152 - Initiate JxBrowser Engine with user profile folder
2023-12-11 12:19:51,730 [INFO] WebApp:161 - Instantiating new browser for Auth
2023-12-11 12:19:52,061 [INFO] WebApp:780 - Register for checkConnection events
2023-12-11 12:19:52,062 [INFO] WebApp:414 - Apply proxy settings
2023-12-11 12:19:52,062 [INFO] WebApp:499 - Chromium requires no authentication
2023-12-11 12:19:52,065 [INFO] WebApp:442 - Direct internet connection detected
2023-12-11 12:19:52,133 [INFO] WebApp:192 - Starting web application
2023-12-11 12:19:52,133 [INFO] WebApp:544 - Web application path used /opt/st/stm32cubeide_1.14.0/plugins/com.st.stm32cube.common.mx_6.10.0.202311202037/db/plugins/mcufinder/reactClient1/index.html
2023-12-11 12:19:53,119 [WARN] PackLoader:240 - Cannot read IP mode file for STMicroelectronics.X-CUBE-SMBUS.2.1.0
2023-12-11 12:19:53,142 [WARN] PackLoader:240 - Cannot read IP mode file for STMicroelectronics.X-CUBE-AZRTOS-F7.1.1.0
2023-12-11 12:19:53,160 [WARN] PackLoader:240 - Cannot read IP mode file for STMicroelectronics.FP-SNS-MOTENV1.4.3.2
2023-12-11 12:19:53,167 [WARN] PackLoader:240 - Cannot read IP mode file for STMicroelectronics.FP-SNS-FLIGHT1.5.0.2
2023-12-11 12:19:53,176 [WARN] PackLoader:240 - Cannot read IP mode file for STMicroelectronics.X-CUBE-DISPLAY.3.0.0
2023-12-11 12:19:53,203 [WARN] PackLoader:240 - Cannot read IP mode file for STMicroelectronics.X-CUBE-BLE1.7.0.0
2023-12-11 12:19:53,209 [WARN] PackLoader:240 - Cannot read IP mode file for emotas.I-CUBE-CANOPEN.1.3.0
2023-12-11 12:19:53,213 [WARN] PackLoader:240 - Cannot read IP mode file for STMicroelectronics.X-CUBE-TOUCHGFX.4.22.1
2023-12-11 12:19:53,218 [WARN] PackLoader:240 - Cannot read IP mode file for STMicroelectronics.FP-SNS-SMARTAG2.1.2.0
2023-12-11 12:19:53,233 [INFO] LogOutputStream:77 - [STDOUT_REDIRECT] 1 : Invalid condition id : UX_CORESTACK_Condition cause : null
2023-12-11 12:19:53,233 [INFO] LogOutputStream:77 - [STDOUT_REDIRECT] 1 : Invalid condition id : UX_CORESTACK_Condition cause : null
2023-12-11 12:19:53,234 [INFO] LogOutputStream:77 - [STDOUT_REDIRECT] 1 : Invalid condition id : UX_CORESTACK_Condition cause : null
2023-12-11 12:19:53,234 [INFO] LogOutputStream:77 - [STDOUT_REDIRECT] 1 : Invalid condition id : UX_CORESTACK_Condition cause : null
2023-12-11 12:19:53,234 [INFO] LogOutputStream:77 - [STDOUT_REDIRECT] 1 : Invalid condition id : UX_CORESTACK_Condition cause : null
2023-12-11 12:19:53,238 [WARN] PackLoader:240 - Cannot read IP mode file for STMicroelectronics.X-CUBE-AZRTOS-WL.2.0.0
2023-12-11 12:19:53,249 [WARN] PackLoader:240 - Cannot read IP mode file for WES.I-CUBE-Cesium.1.3.0
2023-12-11 12:19:53,253 [WARN] PackLoader:240 - Cannot read IP mode file for STMicroelectronics.X-CUBE-BLE2.3.3.0
2023-12-11 12:19:53,263 [WARN] PackLoader:240 - Cannot read IP mode file for STMicroelectronics.X-CUBE-ALGOBUILD.1.3.0
2023-12-11 12:19:53,280 [WARN] PackLoader:240 - Cannot read IP mode file for STMicroelectronics.X-CUBE-AZRTOS-G0.1.1.0
2023-12-11 12:19:53,288 [WARN] PackLoader:240 - Cannot read IP mode file for STMicroelectronics.X-CUBE-NFC4.3.0.0
2023-12-11 12:19:53,297 [WARN] PackLoader:240 - Cannot read IP mode file for STMicroelectronics.X-CUBE-BLEMGR.3.0.0
2023-12-11 12:19:53,301 [WARN] PackLoader:240 - Cannot read IP mode file for STMicroelectronics.FP-ATR-SIGFOX1.3.2.0
2023-12-11 12:19:53,306 [WARN] PackLoader:240 - Cannot read IP mode file for STMicroelectronics.X-CUBE-GNSS1.6.0.0
2023-12-11 12:19:53,317 [WARN] PackLoader:240 - Cannot read IP mode file for STMicroelectronics.X-CUBE-AZRTOS-F4.1.1.0
2023-12-11 12:19:53,323 [WARN] PackLoader:240 - Cannot read IP mode file for wolfSSL.I-CUBE-wolfSSL.5.6.4
2023-12-11 12:19:53,334 [WARN] PackLoader:240 - Cannot read IP mode file for STMicroelectronics.X-CUBE-AZRTOS-L5.2.0.0
2023-12-11 12:19:53,339 [WARN] PackLoader:240 - Cannot read IP mode file for STMicroelectronics.X-CUBE-EEPRMA1.4.2.0
2023-12-11 12:19:53,344 [WARN] PackLoader:240 - Cannot read IP mode file for ITTIA_DB.I-CUBE-ITTIADB.8.8.0
2023-12-11 12:19:53,355 [WARN] ConditionMgr:438 - getConditionDescription Invalid condition id : UX DEVICE CLASS RTOS Condition cause : null
2023-12-11 12:19:53,355 [WARN] ConditionMgr:438 - getConditionDescription Invalid condition id : UX DEVICE CLASS RTOS Condition cause : null
2023-12-11 12:19:53,357 [WARN] PackLoader:240 - Cannot read IP mode file for STMicroelectronics.X-CUBE-AZRTOS-H7.3.1.0
2023-12-11 12:19:53,358 [WARN] ConditionMgr:1039 - genDependencies : Invalid condition id : UX DEVICE CLASS RTOS Condition cause : null
2023-12-11 12:19:53,358 [WARN] ConditionMgr:1039 - genDependencies : Invalid condition id : UX DEVICE CLASS RTOS Condition cause : null
2023-12-11 12:19:53,359 [WARN] ConditionMgr:1039 - genDependencies : Invalid condition id : UX DEVICE CLASS RTOS Condition cause : null
2023-12-11 12:19:53,359 [WARN] ConditionMgr:1039 - genDependencies : Invalid condition id : UX DEVICE CLASS RTOS Condition cause : null
2023-12-11 12:19:53,359 [WARN] ConditionMgr:1039 - genDependencies : Invalid condition id : UX DEVICE CLASS RTOS Condition cause : null
2023-12-11 12:19:53,363 [WARN] PackLoader:240 - Cannot read IP mode file for STMicroelectronics.X-CUBE-NFC7.1.0.1
2023-12-11 12:19:53,367 [WARN] PackLoader:240 - Cannot read IP mode file for STMicroelectronics.X-CUBE-NFC6.3.0.0
2023-12-11 12:19:53,371 [WARN] PackLoader:240 - Cannot read IP mode file for STMicroelectronics.X-CUBE-AI.8.1.0
2023-12-11 12:19:53,380 [WARN] ConditionMgr:438 - getConditionDescription Invalid condition id : LAN8742 Phy interface Condition cause : null
2023-12-11 12:19:53,381 [WARN] PackLoader:240 - Cannot read IP mode file for STMicroelectronics.X-CUBE-AZRTOS-L4.2.0.0
2023-12-11 12:19:53,382 [WARN] ConditionMgr:1039 - genDependencies : Invalid condition id : LAN8742 Phy interface Condition cause : null
2023-12-11 12:19:53,382 [WARN] ConditionMgr:1039 - genDependencies : Invalid condition id : LAN8742 Phy interface Condition cause : null
2023-12-11 12:19:53,382 [WARN] ConditionMgr:1039 - genDependencies : Invalid condition id : LAN8742 Phy interface Condition cause : null
2023-12-11 12:19:53,386 [WARN] PackLoader:240 - Cannot read IP mode file for STMicroelectronics.X-CUBE-SFXS2LP1.4.0.0
2023-12-11 12:19:53,391 [WARN] PackLoader:240 - Cannot read IP mode file for STMicroelectronics.X-CUBE-ISPU.1.1.0
2023-12-11 12:19:53,402 [WARN] ConditionMgr:438 - getConditionDescription Invalid condition id : UX DEVICE CLASS RTOS Condition cause : null
2023-12-11 12:19:53,402 [WARN] ConditionMgr:438 - getConditionDescription Invalid condition id : UX DEVICE CLASS RTOS Condition cause : null
2023-12-11 12:19:53,404 [WARN] PackLoader:240 - Cannot read IP mode file for STMicroelectronics.X-CUBE-AZRTOS-WB.2.0.0
2023-12-11 12:19:53,405 [WARN] ConditionMgr:1039 - genDependencies : Invalid condition id : UX DEVICE CLASS RTOS Condition cause : null
2023-12-11 12:19:53,405 [WARN] ConditionMgr:1039 - genDependencies : Invalid condition id : UX DEVICE CLASS RTOS Condition cause : null
2023-12-11 12:19:53,406 [WARN] ConditionMgr:1039 - genDependencies : Invalid condition id : UX DEVICE CLASS RTOS Condition cause : null
2023-12-11 12:19:53,406 [WARN] ConditionMgr:1039 - genDependencies : Invalid condition id : UX DEVICE CLASS RTOS Condition cause : null
2023-12-11 12:19:53,406 [WARN] ConditionMgr:1039 - genDependencies : Invalid condition id : UX DEVICE CLASS RTOS Condition cause : null
2023-12-11 12:19:53,421 [WARN] PackLoader:240 - Cannot read IP mode file for STMicroelectronics.X-CUBE-SUBG2.5.0.0
2023-12-11 12:19:53,442 [WARN] PackLoader:240 - Cannot read IP mode file for STMicroelectronics.X-CUBE-AZRTOS-G4.2.0.0
2023-12-11 12:19:53,455 [WARN] PackLoader:240 - Cannot read IP mode file for Infineon.AIROC-Wi-Fi-Bluetooth-STM32.1.5.1
2023-12-11 12:19:53,463 [WARN] PackLoader:240 - Cannot read IP mode file for STMicroelectronics.FP-SNS-MOTENVWB1.1.3.1
2023-12-11 12:19:53,467 [WARN] PackLoader:240 - Cannot read IP mode file for STMicroelectronics.X-CUBE-ISPU.2.0.0
2023-12-11 12:19:53,505 [WARN] PackLoader:240 - Cannot read IP mode file for STMicroelectronics.X-CUBE-MEMS1.10.0.0
2023-12-11 12:19:53,596 [WARN] PackLoader:240 - Cannot read IP mode file for STMicroelectronics.X-CUBE-FREERTOS.1.1.0
2023-12-11 12:19:53,600 [WARN] PackLoader:240 - Cannot read IP mode file for portGmbH.I-Cube-SoM-uGOAL.1.1.0
2023-12-11 12:19:53,603 [WARN] PackLoader:240 - Cannot read IP mode file for STMicroelectronics.X-CUBE-ALS.1.0.1
2023-12-11 12:19:53,606 [WARN] PackLoader:240 - Cannot read IP mode file for STMicroelectronics.FP-ATR-ASTRA1.2.0.0
2023-12-11 12:19:53,613 [WARN] PackLoader:240 - Cannot read IP mode file for STMicroelectronics.X-CUBE-TOF1.3.4.0
2023-12-11 12:19:53,637 [WARN] PackLoader:240 - Cannot read IP mode file for STMicroelectronics.X-CUBE-AZRTOS-H7.3.2.0
2023-12-11 12:19:53,641 [INFO] ThirdParty:978 - Integrity check success = true
2023-12-11 12:19:53,641 [INFO] IntegrityCheckThread:100 - exiting critical section [integrity check]
2023-12-11 12:19:53,642 [INFO] IntegrityCheckThread:103 - End integrity checks thread
2023-12-11 12:20:12,418 [ERROR] LogOutputStream:75 - [STDERR_REDIRECT] SLF4J: Failed to load class "org.slf4j.impl.StaticLoggerBinder".
2023-12-11 12:20:12,418 [ERROR] LogOutputStream:75 - [STDERR_REDIRECT] SLF4J: Defaulting to no-operation (NOP) logger implementation
2023-12-11 12:20:12,418 [ERROR] LogOutputStream:75 - [STDERR_REDIRECT] SLF4J: See http://www.slf4j.org/codes.html#StaticLoggerBinder for further details.
2023-12-11 14:12:57,983 [ERROR] LogOutputStream:75 - [STDERR_REDIRECT] SWT SessionManagerDBus: Failed to UnregisterClient: GDBus.Error:org.freedesktop.DBus.Error.NoReply: Message recipient disconnected from message bus without replying
2023-12-11 16:01:35,303 [INFO] Activator:176 - 


2023-12-11 16:01:35,305 [INFO] Activator:177 - !SESSION log4j initialized
2023-12-11 16:01:38,820 [INFO] LogOutputStream:77 - [STDOUT_REDIRECT] 
2023-12-11 16:01:39,588 [INFO] ApplicationProperties:184 - Using Application install path: /opt/st/stm32cubeide_1.14.0/plugins/com.st.stm32cube.common.mx_6.10.0.202311202037
2023-12-11 16:01:39,606 [INFO] DbMcusXml:78 - Set database path to: /opt/st/stm32cubeide_1.14.0/plugins/com.st.stm32cube.common.mx_6.10.0.202311202037//db//mcu/
2023-12-11 16:01:39,607 [INFO] ApiDb:274 - Set plugin database path to: /opt/st/stm32cubeide_1.14.0/plugins/com.st.stm32cube.common.mx_6.10.0.202311202037//db//plugins/boardmanager/
2023-12-11 16:01:39,607 [WARN] ApiDb:259 - Overriding images path with different value:  => /opt/st/stm32cubeide_1.14.0/plugins/com.st.stm32cube.common.mx_6.10.0.202311202037//db//plugins/mcufinder/images/
2023-12-11 16:01:39,614 [INFO] ApiDb:250 - Set database path to: /home/frank/.stmcufinder/plugins/mcufinder//mcu/
2023-12-11 16:01:39,615 [INFO] DbMcusAds:125 - Set database path to: /home/frank/.stmcufinder/plugins/mcufinder//mcu/
2023-12-11 16:01:39,617 [INFO] CrossReferenceDbSqlite:203 - Set database path to: /home/frank/.stmcufinder/plugins/mcufinder//mcu/cs/
2023-12-11 16:01:39,703 [INFO] RulesReader:64 - Compatibility file has been processed (297 Rules)
2023-12-11 16:01:39,752 [INFO] DbMcusXml:78 - Set database path to: /opt/st/stm32cubeide_1.14.0/plugins/com.st.stm32cube.common.mx_6.10.0.202311202037//db//mcu/
2023-12-11 16:01:39,752 [INFO] ApiDb:274 - Set plugin database path to: /opt/st/stm32cubeide_1.14.0/plugins/com.st.stm32cube.common.mx_6.10.0.202311202037//db//plugins/boardmanager/
2023-12-11 16:01:39,752 [INFO] ApiDb:261 - Set plugin images path to: /opt/st/stm32cubeide_1.14.0/plugins/com.st.stm32cube.common.mx_6.10.0.202311202037//db//plugins/mcufinder/images/
2023-12-11 16:01:39,753 [WARN] DbFile:41 - Overriding database path with different value: /home/frank/.stmcufinder/plugins/mcufinder/ => /home/frank/.stmcufinder/plugins/mcufinder
2023-12-11 16:01:39,753 [INFO] ApiDb:250 - Set database path to: /home/frank/.stmcufinder/plugins/mcufinder//mcu/
2023-12-11 16:01:39,753 [WARN] DbFile:41 - Overriding database path with different value: /home/frank/.stmcufinder/plugins/mcufinder/ => /home/frank/.stmcufinder/plugins/mcufinder
2023-12-11 16:01:39,753 [INFO] DbMcusAds:125 - Set database path to: /home/frank/.stmcufinder/plugins/mcufinder//mcu/
2023-12-11 16:01:39,753 [WARN] DbFile:41 - Overriding database path with different value: /home/frank/.stmcufinder/plugins/mcufinder/ => /home/frank/.stmcufinder/plugins/mcufinder
2023-12-11 16:01:39,753 [WARN] DbFile:41 - Overriding database path with different value: /home/frank/.stmcufinder/plugins/mcufinder/ => /home/frank/.stmcufinder/plugins/mcufinder
2023-12-11 16:01:39,753 [INFO] CrossReferenceDbSqlite:203 - Set database path to: /home/frank/.stmcufinder/plugins/mcufinder//mcu/cs/
2023-12-11 16:01:39,811 [INFO] MainPanel:264 - HeapMemory: 268435456
2023-12-11 16:01:39,882 [INFO] DbMcusXml:78 - Set database path to: /opt/st/stm32cubeide_1.14.0/plugins/com.st.stm32cube.common.mx_6.10.0.202311202037//db//mcu/
2023-12-11 16:01:39,882 [INFO] ApiDb:274 - Set plugin database path to: /opt/st/stm32cubeide_1.14.0/plugins/com.st.stm32cube.common.mx_6.10.0.202311202037//db//plugins/boardmanager/
2023-12-11 16:01:39,882 [INFO] ApiDb:261 - Set plugin images path to: /opt/st/stm32cubeide_1.14.0/plugins/com.st.stm32cube.common.mx_6.10.0.202311202037//db//plugins/mcufinder/images/
2023-12-11 16:01:39,883 [WARN] DbFile:41 - Overriding database path with different value: /home/frank/.stmcufinder/plugins/mcufinder/ => /home/frank/.stmcufinder/plugins/mcufinder
2023-12-11 16:01:39,883 [INFO] ApiDb:250 - Set database path to: /home/frank/.stmcufinder/plugins/mcufinder//mcu/
2023-12-11 16:01:39,883 [WARN] DbFile:41 - Overriding database path with different value: /home/frank/.stmcufinder/plugins/mcufinder/ => /home/frank/.stmcufinder/plugins/mcufinder
2023-12-11 16:01:39,883 [INFO] DbMcusAds:125 - Set database path to: /home/frank/.stmcufinder/plugins/mcufinder//mcu/
2023-12-11 16:01:39,883 [WARN] DbFile:41 - Overriding database path with different value: /home/frank/.stmcufinder/plugins/mcufinder/ => /home/frank/.stmcufinder/plugins/mcufinder
2023-12-11 16:01:39,883 [WARN] DbFile:41 - Overriding database path with different value: /home/frank/.stmcufinder/plugins/mcufinder/ => /home/frank/.stmcufinder/plugins/mcufinder
2023-12-11 16:01:39,883 [INFO] CrossReferenceDbSqlite:203 - Set database path to: /home/frank/.stmcufinder/plugins/mcufinder//mcu/cs/
2023-12-11 16:01:39,897 [INFO] ApplicationProperties:184 - Using Application install path: /opt/st/stm32cubeide_1.14.0/plugins/com.st.stm32cube.common.mx_6.10.0.202311202037
2023-12-11 16:01:39,898 [INFO] PluginManage:196 - Search for loadable plugins [exclusion list=, ]
2023-12-11 16:01:39,899 [INFO] PluginManage:310 - Check plugin analytics
2023-12-11 16:01:39,996 [INFO] AnalyticsPlugin:253 - Accepted Software Licenses: 
2023-12-11 16:01:39,996 [INFO] AnalyticsPlugin:255 - Accepted CMSIS Pack Licenses: 
2023-12-11 16:01:39,996 [INFO] AnalyticsPlugin:257 - Accepted Firmware Licenses: FW.F4.1.28.0
2023-12-11 16:01:39,998 [INFO] PluginManage:359 - Loaded plugin analytics (category:tool,tabindex:-1)
2023-12-11 16:01:39,998 [INFO] PluginManage:310 - Check plugin cadmodel
2023-12-11 16:01:40,023 [INFO] CADModel:105 - Init CAD model plugin
2023-12-11 16:01:40,024 [INFO] PluginManage:359 - Loaded plugin cadmodel (category:power,tabindex:5)
2023-12-11 16:01:40,024 [INFO] PluginManage:310 - Check plugin clock
2023-12-11 16:01:40,035 [INFO] PluginManage:359 - Loaded plugin clock (category:base,tabindex:2)
2023-12-11 16:01:40,035 [INFO] PluginManage:310 - Check plugin ddr
2023-12-11 16:01:40,036 [INFO] PluginManage:359 - Loaded plugin ddr (category:tool,tabindex:6)
2023-12-11 16:01:40,037 [INFO] PluginManage:310 - Check plugin filemanager
2023-12-11 16:01:40,147 [INFO] PluginManage:359 - Loaded plugin filemanager (category:base,tabindex:10)
2023-12-11 16:01:40,147 [INFO] PluginManage:310 - Check plugin ipmanager
2023-12-11 16:01:40,151 [INFO] PluginManage:359 - Loaded plugin ipmanager (category:base,tabindex:5)
2023-12-11 16:01:40,151 [INFO] PluginManage:310 - Check plugin lpbam
2023-12-11 16:01:40,158 [INFO] PluginManage:359 - Loaded plugin lpbam (category:base,tabindex:0)
2023-12-11 16:01:40,158 [INFO] PluginManage:310 - Check plugin memorymap
2023-12-11 16:01:40,166 [INFO] PluginManage:359 - Loaded plugin memorymap (category:base,tabindex:4)
2023-12-11 16:01:40,166 [INFO] PluginManage:310 - Check plugin pinoutandconfiguration
2023-12-11 16:01:40,170 [INFO] PluginManage:359 - Loaded plugin pinoutandconfiguration (category:base,tabindex:1)
2023-12-11 16:01:40,171 [INFO] PluginManage:310 - Check plugin pinoutconfig
2023-12-11 16:01:40,219 [WARN] SupportedApi:132 - Cannot load RTOS API schema: s4s-elt-must-match.1: The content of 'definitions' must match (annotation?, (simpleType | complexType)?, (unique | key | keyref)*)). A problem was found starting at: attribute.
2023-12-11 16:01:40,294 [INFO] PluginManage:359 - Loaded plugin pinoutconfig (category:base,tabindex:0)
2023-12-11 16:01:40,294 [INFO] PluginManage:310 - Check plugin power
2023-12-11 16:01:40,301 [INFO] PluginManage:359 - Loaded plugin power (category:power,tabindex:4)
2023-12-11 16:01:40,301 [INFO] PluginManage:310 - Check plugin projectmanager
2023-12-11 16:01:40,310 [INFO] PluginManage:359 - Loaded plugin projectmanager (category:projectmanager,tabindex:3)
2023-12-11 16:01:40,310 [INFO] PluginManage:310 - Check plugin thirdparty
2023-12-11 16:01:40,395 [INFO] PluginManage:359 - Loaded plugin thirdparty (category:base,tabindex:-1)
2023-12-11 16:01:40,395 [WARN] IntegrityCheckThread:84 - waiting for thirdparty lock release [integrity check]
2023-12-11 16:01:40,395 [INFO] PluginManage:310 - Check plugin tools
2023-12-11 16:01:40,395 [INFO] IntegrityCheckThread:86 - entering critical section [integrity check]
2023-12-11 16:01:40,396 [INFO] ThirdPartyUpdaterWithRetryManager:70 - Updater plugin not ready yet. [1/15]
2023-12-11 16:01:40,397 [INFO] PluginManage:359 - Loaded plugin tools (category:base,tabindex:7)
2023-12-11 16:01:40,397 [INFO] PluginManage:310 - Check plugin tutovideos
2023-12-11 16:01:40,493 [INFO] PluginManage:359 - Loaded plugin tutovideos (category:base,tabindex:-1)
2023-12-11 16:01:40,493 [INFO] PluginManage:310 - Check plugin updater
2023-12-11 16:01:40,500 [INFO] PluginManage:359 - Loaded plugin updater (category:base,tabindex:12)
2023-12-11 16:01:40,500 [INFO] PluginManage:310 - Check plugin userauth
2023-12-11 16:01:40,503 [INFO] UserAuth:114 - Init User Auth plugin
2023-12-11 16:01:40,503 [INFO] PluginManage:359 - Loaded plugin userauth (category:base,tabindex:14)
2023-12-11 16:01:40,503 [INFO] PluginManage:283 - PluginManage : Loaded plugins [17]
2023-12-11 16:01:40,604 [INFO] PinOutPanel:1499 - setPackage(No Configuration,No Configuration)
2023-12-11 16:01:40,636 [INFO] CADModel:165 - CPN selected for project level
2023-12-11 16:01:40,637 [INFO] CADModel:114 - Register for checkConnection events
2023-12-11 16:01:40,642 [INFO] IPUIPlugin:80 - create IPUIPlugin
2023-12-11 16:01:40,642 [INFO] PluginManager:220 - loadIPPluginJar : add ucpd
2023-12-11 16:01:40,643 [INFO] IPUIPlugin:80 - create IPUIPlugin
2023-12-11 16:01:40,643 [INFO] PluginManager:220 - loadIPPluginJar : add ltdc
2023-12-11 16:01:40,646 [INFO] IPUIPlugin:80 - create IPUIPlugin
2023-12-11 16:01:40,648 [INFO] PluginManager:220 - loadIPPluginJar : add plateformsettings
2023-12-11 16:01:40,650 [INFO] IPUIPlugin:80 - create IPUIPlugin
2023-12-11 16:01:40,650 [INFO] PluginManager:220 - loadIPPluginJar : add hash
2023-12-11 16:01:40,651 [INFO] IPUIPlugin:80 - create IPUIPlugin
2023-12-11 16:01:40,651 [INFO] PluginManager:220 - loadIPPluginJar : add gfxmmu
2023-12-11 16:01:40,654 [INFO] IPUIPlugin:80 - create IPUIPlugin
2023-12-11 16:01:40,654 [INFO] PluginManager:220 - loadIPPluginJar : add stm32_wpan
2023-12-11 16:01:40,655 [INFO] IPUIPlugin:80 - create IPUIPlugin
2023-12-11 16:01:40,655 [INFO] PluginManager:220 - loadIPPluginJar : add ts
2023-12-11 16:01:40,656 [INFO] IPUIPlugin:80 - create IPUIPlugin
2023-12-11 16:01:40,656 [INFO] PluginManager:220 - loadIPPluginJar : add quadspi
2023-12-11 16:01:40,657 [INFO] IPUIPlugin:80 - create IPUIPlugin
2023-12-11 16:01:40,657 [INFO] PluginManager:220 - loadIPPluginJar : add usbx
2023-12-11 16:01:40,658 [INFO] IPUIPlugin:80 - create IPUIPlugin
2023-12-11 16:01:40,658 [INFO] PluginManager:220 - loadIPPluginJar : add aes
2023-12-11 16:01:40,660 [INFO] IPUIPlugin:80 - create IPUIPlugin
2023-12-11 16:01:40,660 [INFO] PluginManager:220 - loadIPPluginJar : add nvic
2023-12-11 16:01:40,663 [INFO] IPUIPlugin:80 - create IPUIPlugin
2023-12-11 16:01:40,663 [INFO] PluginManager:220 - loadIPPluginJar : add adc
2023-12-11 16:01:40,664 [INFO] IPUIPlugin:80 - create IPUIPlugin
2023-12-11 16:01:40,664 [INFO] PluginManager:220 - loadIPPluginJar : add cryp
2023-12-11 16:01:40,665 [INFO] IPUIPlugin:80 - create IPUIPlugin
2023-12-11 16:01:40,665 [INFO] PluginManager:220 - loadIPPluginJar : add touchsensing
2023-12-11 16:01:40,667 [INFO] IPUIPlugin:80 - create IPUIPlugin
2023-12-11 16:01:40,667 [INFO] PluginManager:220 - loadIPPluginJar : add fmc
2023-12-11 16:01:40,669 [INFO] IPUIPlugin:80 - create IPUIPlugin
2023-12-11 16:01:40,669 [INFO] PluginManager:220 - loadIPPluginJar : add openamp
2023-12-11 16:01:40,673 [INFO] IPUIPlugin:80 - create IPUIPlugin
2023-12-11 16:01:40,673 [INFO] PluginManager:220 - loadIPPluginJar : add linkedlist
2023-12-11 16:01:40,673 [INFO] IPUIPlugin:80 - create IPUIPlugin
2023-12-11 16:01:40,673 [INFO] PluginManager:220 - loadIPPluginJar : add tracer_emb
2023-12-11 16:01:40,676 [INFO] IPUIPlugin:80 - create IPUIPlugin
2023-12-11 16:01:40,676 [INFO] PluginManager:220 - loadIPPluginJar : add dma
2023-12-11 16:01:40,678 [INFO] IPUIPlugin:80 - create IPUIPlugin
2023-12-11 16:01:40,678 [INFO] PluginManager:220 - loadIPPluginJar : add sai
2023-12-11 16:01:40,681 [INFO] IPUIPlugin:80 - create IPUIPlugin
2023-12-11 16:01:40,681 [INFO] PluginManager:220 - loadIPPluginJar : add freertos
2023-12-11 16:01:40,684 [INFO] IPUIPlugin:80 - create IPUIPlugin
2023-12-11 16:01:40,684 [INFO] PluginManager:220 - loadIPPluginJar : add mdma
2023-12-11 16:01:40,685 [INFO] IPUIPlugin:80 - create IPUIPlugin
2023-12-11 16:01:40,685 [INFO] PluginManager:220 - loadIPPluginJar : add genericplugin
2023-12-11 16:01:40,686 [INFO] IPUIPlugin:80 - create IPUIPlugin
2023-12-11 16:01:40,686 [INFO] PluginManager:220 - loadIPPluginJar : add tsc
2023-12-11 16:01:40,687 [INFO] IPUIPlugin:80 - create IPUIPlugin
2023-12-11 16:01:40,687 [INFO] PluginManager:220 - loadIPPluginJar : add pdm2pcm
2023-12-11 16:01:40,687 [INFO] IPUIPlugin:80 - create IPUIPlugin
2023-12-11 16:01:40,687 [INFO] PluginManager:220 - loadIPPluginJar : add fatfs
2023-12-11 16:01:40,688 [INFO] IPUIPlugin:80 - create IPUIPlugin
2023-12-11 16:01:40,688 [INFO] PluginManager:220 - loadIPPluginJar : add can
2023-12-11 16:01:40,689 [INFO] IPUIPlugin:80 - create IPUIPlugin
2023-12-11 16:01:40,690 [INFO] PluginManager:220 - loadIPPluginJar : add i3c
2023-12-11 16:01:40,690 [INFO] IPUIPlugin:80 - create IPUIPlugin
2023-12-11 16:01:40,690 [INFO] PluginManager:220 - loadIPPluginJar : add i2s
2023-12-11 16:01:40,691 [INFO] IPUIPlugin:80 - create IPUIPlugin
2023-12-11 16:01:40,691 [INFO] PluginManager:220 - loadIPPluginJar : add i2c
2023-12-11 16:01:40,692 [INFO] IPUIPlugin:80 - create IPUIPlugin
2023-12-11 16:01:40,692 [INFO] PluginManager:220 - loadIPPluginJar : add spi
2023-12-11 16:01:40,693 [INFO] IPUIPlugin:80 - create IPUIPlugin
2023-12-11 16:01:40,693 [INFO] PluginManager:220 - loadIPPluginJar : add dfsdm
2023-12-11 16:01:40,694 [INFO] IPUIPlugin:80 - create IPUIPlugin
2023-12-11 16:01:40,694 [INFO] PluginManager:220 - loadIPPluginJar : add tim
2023-12-11 16:01:40,695 [INFO] IPUIPlugin:80 - create IPUIPlugin
2023-12-11 16:01:40,695 [INFO] PluginManager:220 - loadIPPluginJar : add opamp
2023-12-11 16:01:40,696 [INFO] IPUIPlugin:80 - create IPUIPlugin
2023-12-11 16:01:40,696 [INFO] PluginManager:220 - loadIPPluginJar : add dma3
2023-12-11 16:01:40,700 [INFO] IPUIPlugin:80 - create IPUIPlugin
2023-12-11 16:01:40,700 [INFO] PluginManager:220 - loadIPPluginJar : add ipddr
2023-12-11 16:01:40,700 [INFO] IPUIPlugin:80 - create IPUIPlugin
2023-12-11 16:01:40,700 [INFO] PluginManager:220 - loadIPPluginJar : add comp
2023-12-11 16:01:40,702 [INFO] IPUIPlugin:80 - create IPUIPlugin
2023-12-11 16:01:40,702 [INFO] PluginManager:220 - loadIPPluginJar : add resmgrutility
2023-12-11 16:01:40,704 [INFO] IPUIPlugin:80 - create IPUIPlugin
2023-12-11 16:01:40,704 [INFO] PluginManager:220 - loadIPPluginJar : add gtzc
2023-12-11 16:01:40,706 [INFO] IPUIPlugin:80 - create IPUIPlugin
2023-12-11 16:01:40,706 [INFO] PluginManager:220 - loadIPPluginJar : add gpio
2023-12-11 16:01:40,707 [INFO] IPUIPlugin:80 - create IPUIPlugin
2023-12-11 16:01:40,707 [INFO] PluginManager:220 - loadIPPluginJar : add usart
2023-12-11 16:01:40,708 [INFO] IPUIPlugin:80 - create IPUIPlugin
2023-12-11 16:01:40,708 [INFO] PluginManager:220 - loadIPPluginJar : add lorawan
2023-12-11 16:01:40,711 [INFO] IPUIPlugin:80 - create IPUIPlugin
2023-12-11 16:01:40,711 [INFO] PluginManager:220 - loadIPPluginJar : add gic
2023-12-11 16:01:40,798 [INFO] CADModel:165 - CPN selected for project level
2023-12-11 16:01:40,799 [INFO] CADModel:114 - Register for checkConnection events
2023-12-11 16:01:40,799 [FATAL] Updater:308 - Updater called before beeing initialized
2023-12-11 16:01:40,799 [ERROR] CADModel:125 - Updater not yet initialized, retry later 
2023-12-11 16:01:40,865 [INFO] CADModel:165 - CPN selected for project level
2023-12-11 16:01:40,865 [INFO] CADModel:114 - Register for checkConnection events
2023-12-11 16:01:40,865 [FATAL] Updater:308 - Updater called before beeing initialized
2023-12-11 16:01:40,865 [ERROR] CADModel:125 - Updater not yet initialized, retry later 
2023-12-11 16:01:40,867 [FATAL] Updater:308 - Updater called before beeing initialized
2023-12-11 16:01:40,906 [FATAL] Updater:308 - Updater called before beeing initialized
2023-12-11 16:01:40,908 [INFO] DbMcusAds:53 - JSON generation date=Wed Nov 29 12:52:38 EET 2023 (1701255158764)
2023-12-11 16:01:40,909 [FATAL] Updater:308 - Updater called before beeing initialized
2023-12-11 16:01:40,929 [WARN] DetailPanel:346 - Failed to get advertising image, set to default
2023-12-11 16:01:40,984 [FATAL] Updater:308 - Updater called before beeing initialized
2023-12-11 16:01:40,986 [FATAL] Updater:308 - Updater called before beeing initialized
2023-12-11 16:01:40,986 [FATAL] Updater:308 - Updater called before beeing initialized
2023-12-11 16:01:40,986 [WARN] DetailPanel:346 - Failed to get advertising image, set to default
2023-12-11 16:01:40,986 [FATAL] Updater:308 - Updater called before beeing initialized
2023-12-11 16:01:41,004 [ERROR] Updater:1120 - MainUpdater not yet initialized. External WinMGr cannot be set.
2023-12-11 16:01:41,006 [INFO] Updater:1056 - Updater Version found : 6.10.0
2023-12-11 16:01:41,028 [INFO] ApplicationProperties:184 - Using Application install path: /opt/st/stm32cubeide_1.14.0/plugins/com.st.stm32cube.common.mx_6.10.0.202311202037
2023-12-11 16:01:41,231 [INFO] MainUpdater:2873 - connection check result : 10
2023-12-11 16:01:41,231 [INFO] MainUpdater:290 - Updater Check For Update Now.
2023-12-11 16:01:41,231 [INFO] MicroXplorer:498 - Change Database Version : DB.6.0.100
2023-12-11 16:01:41,234 [INFO] McuFinderGlobals:63 - Set McuFinder mode to 2 (CubeIDE integrated)
2023-12-11 16:01:41,382 [INFO] CheckServerUpdateThread:120 - End of CheckServer Thread
2023-12-11 16:01:41,481 [INFO] UserAuth:404 - Internet connection configuration mode: 1
2023-12-11 16:01:41,492 [INFO] JxBrowserEngine:152 - Initiate JxBrowser Engine with user profile folder
2023-12-11 16:01:42,044 [INFO] WebApp:161 - Instantiating new browser for Auth
2023-12-11 16:01:42,404 [INFO] WebApp:780 - Register for checkConnection events
2023-12-11 16:01:42,404 [INFO] WebApp:414 - Apply proxy settings
2023-12-11 16:01:42,405 [INFO] WebApp:499 - Chromium requires no authentication
2023-12-11 16:01:42,409 [INFO] WebApp:442 - Direct internet connection detected
2023-12-11 16:01:42,508 [INFO] WebApp:192 - Starting web application
2023-12-11 16:01:42,509 [INFO] WebApp:544 - Web application path used /opt/st/stm32cubeide_1.14.0/plugins/com.st.stm32cube.common.mx_6.10.0.202311202037/db/plugins/mcufinder/reactClient1/index.html
2023-12-11 16:01:43,470 [WARN] PackLoader:240 - Cannot read IP mode file for STMicroelectronics.X-CUBE-SMBUS.2.1.0
2023-12-11 16:01:43,492 [WARN] PackLoader:240 - Cannot read IP mode file for STMicroelectronics.X-CUBE-AZRTOS-F7.1.1.0
2023-12-11 16:01:43,502 [WARN] PackLoader:240 - Cannot read IP mode file for STMicroelectronics.FP-SNS-MOTENV1.4.3.2
2023-12-11 16:01:43,507 [WARN] PackLoader:240 - Cannot read IP mode file for STMicroelectronics.FP-SNS-FLIGHT1.5.0.2
2023-12-11 16:01:43,514 [WARN] PackLoader:240 - Cannot read IP mode file for STMicroelectronics.X-CUBE-DISPLAY.3.0.0
2023-12-11 16:01:43,523 [WARN] PackLoader:240 - Cannot read IP mode file for STMicroelectronics.X-CUBE-BLE1.7.0.0
2023-12-11 16:01:43,526 [WARN] PackLoader:240 - Cannot read IP mode file for emotas.I-CUBE-CANOPEN.1.3.0
2023-12-11 16:01:43,530 [WARN] PackLoader:240 - Cannot read IP mode file for STMicroelectronics.X-CUBE-TOUCHGFX.4.22.1
2023-12-11 16:01:43,535 [WARN] PackLoader:240 - Cannot read IP mode file for STMicroelectronics.FP-SNS-SMARTAG2.1.2.0
2023-12-11 16:01:43,542 [INFO] LogOutputStream:77 - [STDOUT_REDIRECT] 1 : Invalid condition id : UX_CORESTACK_Condition cause : null
2023-12-11 16:01:43,542 [INFO] LogOutputStream:77 - [STDOUT_REDIRECT] 1 : Invalid condition id : UX_CORESTACK_Condition cause : null
2023-12-11 16:01:43,542 [INFO] LogOutputStream:77 - [STDOUT_REDIRECT] 1 : Invalid condition id : UX_CORESTACK_Condition cause : null
2023-12-11 16:01:43,542 [INFO] LogOutputStream:77 - [STDOUT_REDIRECT] 1 : Invalid condition id : UX_CORESTACK_Condition cause : null
2023-12-11 16:01:43,542 [INFO] LogOutputStream:77 - [STDOUT_REDIRECT] 1 : Invalid condition id : UX_CORESTACK_Condition cause : null
2023-12-11 16:01:43,547 [WARN] PackLoader:240 - Cannot read IP mode file for STMicroelectronics.X-CUBE-AZRTOS-WL.2.0.0
2023-12-11 16:01:43,553 [WARN] PackLoader:240 - Cannot read IP mode file for WES.I-CUBE-Cesium.1.3.0
2023-12-11 16:01:43,557 [WARN] PackLoader:240 - Cannot read IP mode file for STMicroelectronics.X-CUBE-BLE2.3.3.0
2023-12-11 16:01:43,562 [WARN] PackLoader:240 - Cannot read IP mode file for STMicroelectronics.X-CUBE-ALGOBUILD.1.3.0
2023-12-11 16:01:43,576 [WARN] PackLoader:240 - Cannot read IP mode file for STMicroelectronics.X-CUBE-AZRTOS-G0.1.1.0
2023-12-11 16:01:43,583 [WARN] PackLoader:240 - Cannot read IP mode file for STMicroelectronics.X-CUBE-NFC4.3.0.0
2023-12-11 16:01:43,591 [WARN] PackLoader:240 - Cannot read IP mode file for STMicroelectronics.X-CUBE-BLEMGR.3.0.0
2023-12-11 16:01:43,596 [WARN] PackLoader:240 - Cannot read IP mode file for STMicroelectronics.FP-ATR-SIGFOX1.3.2.0
2023-12-11 16:01:43,599 [WARN] PackLoader:240 - Cannot read IP mode file for STMicroelectronics.X-CUBE-GNSS1.6.0.0
2023-12-11 16:01:43,608 [WARN] PackLoader:240 - Cannot read IP mode file for STMicroelectronics.X-CUBE-AZRTOS-F4.1.1.0
2023-12-11 16:01:43,613 [WARN] PackLoader:240 - Cannot read IP mode file for wolfSSL.I-CUBE-wolfSSL.5.6.4
2023-12-11 16:01:43,623 [WARN] PackLoader:240 - Cannot read IP mode file for STMicroelectronics.X-CUBE-AZRTOS-L5.2.0.0
2023-12-11 16:01:43,629 [WARN] PackLoader:240 - Cannot read IP mode file for STMicroelectronics.X-CUBE-EEPRMA1.4.2.0
2023-12-11 16:01:43,633 [WARN] PackLoader:240 - Cannot read IP mode file for ITTIA_DB.I-CUBE-ITTIADB.8.8.0
2023-12-11 16:01:43,650 [WARN] ConditionMgr:438 - getConditionDescription Invalid condition id : UX DEVICE CLASS RTOS Condition cause : null
2023-12-11 16:01:43,650 [WARN] ConditionMgr:438 - getConditionDescription Invalid condition id : UX DEVICE CLASS RTOS Condition cause : null
2023-12-11 16:01:43,652 [WARN] PackLoader:240 - Cannot read IP mode file for STMicroelectronics.X-CUBE-AZRTOS-H7.3.1.0
2023-12-11 16:01:43,653 [WARN] ConditionMgr:1039 - genDependencies : Invalid condition id : UX DEVICE CLASS RTOS Condition cause : null
2023-12-11 16:01:43,653 [WARN] ConditionMgr:1039 - genDependencies : Invalid condition id : UX DEVICE CLASS RTOS Condition cause : null
2023-12-11 16:01:43,654 [WARN] ConditionMgr:1039 - genDependencies : Invalid condition id : UX DEVICE CLASS RTOS Condition cause : null
2023-12-11 16:01:43,654 [WARN] ConditionMgr:1039 - genDependencies : Invalid condition id : UX DEVICE CLASS RTOS Condition cause : null
2023-12-11 16:01:43,654 [WARN] ConditionMgr:1039 - genDependencies : Invalid condition id : UX DEVICE CLASS RTOS Condition cause : null
2023-12-11 16:01:43,659 [WARN] PackLoader:240 - Cannot read IP mode file for STMicroelectronics.X-CUBE-NFC7.1.0.1
2023-12-11 16:01:43,666 [WARN] PackLoader:240 - Cannot read IP mode file for STMicroelectronics.X-CUBE-NFC6.3.0.0
2023-12-11 16:01:43,672 [WARN] PackLoader:240 - Cannot read IP mode file for STMicroelectronics.X-CUBE-AI.8.1.0
2023-12-11 16:01:43,684 [WARN] ConditionMgr:438 - getConditionDescription Invalid condition id : LAN8742 Phy interface Condition cause : null
2023-12-11 16:01:43,684 [WARN] PackLoader:240 - Cannot read IP mode file for STMicroelectronics.X-CUBE-AZRTOS-L4.2.0.0
2023-12-11 16:01:43,685 [WARN] ConditionMgr:1039 - genDependencies : Invalid condition id : LAN8742 Phy interface Condition cause : null
2023-12-11 16:01:43,686 [WARN] ConditionMgr:1039 - genDependencies : Invalid condition id : LAN8742 Phy interface Condition cause : null
2023-12-11 16:01:43,686 [WARN] ConditionMgr:1039 - genDependencies : Invalid condition id : LAN8742 Phy interface Condition cause : null
2023-12-11 16:01:43,693 [WARN] PackLoader:240 - Cannot read IP mode file for STMicroelectronics.X-CUBE-SFXS2LP1.4.0.0
2023-12-11 16:01:43,699 [WARN] PackLoader:240 - Cannot read IP mode file for STMicroelectronics.X-CUBE-ISPU.1.1.0
2023-12-11 16:01:43,729 [WARN] ConditionMgr:438 - getConditionDescription Invalid condition id : UX DEVICE CLASS RTOS Condition cause : null
2023-12-11 16:01:43,730 [WARN] ConditionMgr:438 - getConditionDescription Invalid condition id : UX DEVICE CLASS RTOS Condition cause : null
2023-12-11 16:01:43,734 [WARN] PackLoader:240 - Cannot read IP mode file for STMicroelectronics.X-CUBE-AZRTOS-WB.2.0.0
2023-12-11 16:01:43,735 [WARN] ConditionMgr:1039 - genDependencies : Invalid condition id : UX DEVICE CLASS RTOS Condition cause : null
2023-12-11 16:01:43,735 [WARN] ConditionMgr:1039 - genDependencies : Invalid condition id : UX DEVICE CLASS RTOS Condition cause : null
2023-12-11 16:01:43,736 [WARN] ConditionMgr:1039 - genDependencies : Invalid condition id : UX DEVICE CLASS RTOS Condition cause : null
2023-12-11 16:01:43,736 [WARN] ConditionMgr:1039 - genDependencies : Invalid condition id : UX DEVICE CLASS RTOS Condition cause : null
2023-12-11 16:01:43,736 [WARN] ConditionMgr:1039 - genDependencies : Invalid condition id : UX DEVICE CLASS RTOS Condition cause : null
2023-12-11 16:01:43,750 [WARN] PackLoader:240 - Cannot read IP mode file for STMicroelectronics.X-CUBE-SUBG2.5.0.0
2023-12-11 16:01:43,779 [WARN] PackLoader:240 - Cannot read IP mode file for STMicroelectronics.X-CUBE-AZRTOS-G4.2.0.0
2023-12-11 16:01:43,799 [WARN] PackLoader:240 - Cannot read IP mode file for Infineon.AIROC-Wi-Fi-Bluetooth-STM32.1.5.1
2023-12-11 16:01:43,808 [WARN] PackLoader:240 - Cannot read IP mode file for STMicroelectronics.FP-SNS-MOTENVWB1.1.3.1
2023-12-11 16:01:43,813 [WARN] PackLoader:240 - Cannot read IP mode file for STMicroelectronics.X-CUBE-ISPU.2.0.0
2023-12-11 16:01:43,854 [WARN] PackLoader:240 - Cannot read IP mode file for STMicroelectronics.X-CUBE-MEMS1.10.0.0
2023-12-11 16:01:44,101 [WARN] PackLoader:240 - Cannot read IP mode file for STMicroelectronics.X-CUBE-FREERTOS.1.1.0
2023-12-11 16:01:44,110 [WARN] PackLoader:240 - Cannot read IP mode file for portGmbH.I-Cube-SoM-uGOAL.1.1.0
2023-12-11 16:01:44,118 [WARN] PackLoader:240 - Cannot read IP mode file for STMicroelectronics.X-CUBE-ALS.1.0.1
2023-12-11 16:01:44,124 [WARN] PackLoader:240 - Cannot read IP mode file for STMicroelectronics.FP-ATR-ASTRA1.2.0.0
2023-12-11 16:01:44,145 [WARN] PackLoader:240 - Cannot read IP mode file for STMicroelectronics.X-CUBE-TOF1.3.4.0
2023-12-11 16:01:44,206 [WARN] PackLoader:240 - Cannot read IP mode file for STMicroelectronics.X-CUBE-AZRTOS-H7.3.2.0
2023-12-11 16:01:44,214 [INFO] ThirdParty:978 - Integrity check success = true
2023-12-11 16:01:44,215 [INFO] IntegrityCheckThread:100 - exiting critical section [integrity check]
2023-12-11 16:01:44,215 [INFO] IntegrityCheckThread:103 - End integrity checks thread
2023-12-11 16:02:03,505 [ERROR] LogOutputStream:75 - [STDERR_REDIRECT] SLF4J: Failed to load class "org.slf4j.impl.StaticLoggerBinder".
2023-12-11 16:02:03,505 [ERROR] LogOutputStream:75 - [STDERR_REDIRECT] SLF4J: Defaulting to no-operation (NOP) logger implementation
2023-12-11 16:02:03,505 [ERROR] LogOutputStream:75 - [STDERR_REDIRECT] SLF4J: See http://www.slf4j.org/codes.html#StaticLoggerBinder for further details.
2023-12-11 16:04:28,558 [ERROR] LogOutputStream:75 - [STDERR_REDIRECT] 
