2023-12-29 08:39:35,005 [INFO] Activator:176 - 


2023-12-29 08:39:35,013 [INFO] Activator:177 - !SESSION log4j initialized
2023-12-29 08:39:37,008 [INFO] LogOutputStream:77 - [STDOUT_REDIRECT] 
2023-12-29 08:39:38,186 [INFO] ApplicationProperties:184 - Using Application install path: /opt/st/stm32cubeide_1.14.0/plugins/com.st.stm32cube.common.mx_6.10.0.202311202037
2023-12-29 08:39:38,214 [INFO] DbMcusXml:78 - Set database path to: /opt/st/stm32cubeide_1.14.0/plugins/com.st.stm32cube.common.mx_6.10.0.202311202037//db//mcu/
2023-12-29 08:39:38,214 [INFO] ApiDb:274 - Set plugin database path to: /opt/st/stm32cubeide_1.14.0/plugins/com.st.stm32cube.common.mx_6.10.0.202311202037//db//plugins/boardmanager/
2023-12-29 08:39:38,215 [WARN] ApiDb:259 - Overriding images path with different value:  => /opt/st/stm32cubeide_1.14.0/plugins/com.st.stm32cube.common.mx_6.10.0.202311202037//db//plugins/mcufinder/images/
2023-12-29 08:39:38,223 [INFO] ApiDb:250 - Set database path to: /home/frank/.stmcufinder/plugins/mcufinder//mcu/
2023-12-29 08:39:38,225 [INFO] DbMcusAds:125 - Set database path to: /home/frank/.stmcufinder/plugins/mcufinder//mcu/
2023-12-29 08:39:38,229 [INFO] CrossReferenceDbSqlite:203 - Set database path to: /home/frank/.stmcufinder/plugins/mcufinder//mcu/cs/
2023-12-29 08:39:38,364 [INFO] RulesReader:64 - Compatibility file has been processed (297 Rules)
2023-12-29 08:39:38,463 [INFO] DbMcusXml:78 - Set database path to: /opt/st/stm32cubeide_1.14.0/plugins/com.st.stm32cube.common.mx_6.10.0.202311202037//db//mcu/
2023-12-29 08:39:38,464 [INFO] ApiDb:274 - Set plugin database path to: /opt/st/stm32cubeide_1.14.0/plugins/com.st.stm32cube.common.mx_6.10.0.202311202037//db//plugins/boardmanager/
2023-12-29 08:39:38,464 [INFO] ApiDb:261 - Set plugin images path to: /opt/st/stm32cubeide_1.14.0/plugins/com.st.stm32cube.common.mx_6.10.0.202311202037//db//plugins/mcufinder/images/
2023-12-29 08:39:38,464 [WARN] DbFile:41 - Overriding database path with different value: /home/frank/.stmcufinder/plugins/mcufinder/ => /home/frank/.stmcufinder/plugins/mcufinder
2023-12-29 08:39:38,464 [INFO] ApiDb:250 - Set database path to: /home/frank/.stmcufinder/plugins/mcufinder//mcu/
2023-12-29 08:39:38,465 [WARN] DbFile:41 - Overriding database path with different value: /home/frank/.stmcufinder/plugins/mcufinder/ => /home/frank/.stmcufinder/plugins/mcufinder
2023-12-29 08:39:38,465 [INFO] DbMcusAds:125 - Set database path to: /home/frank/.stmcufinder/plugins/mcufinder//mcu/
2023-12-29 08:39:38,465 [WARN] DbFile:41 - Overriding database path with different value: /home/frank/.stmcufinder/plugins/mcufinder/ => /home/frank/.stmcufinder/plugins/mcufinder
2023-12-29 08:39:38,465 [WARN] DbFile:41 - Overriding database path with different value: /home/frank/.stmcufinder/plugins/mcufinder/ => /home/frank/.stmcufinder/plugins/mcufinder
2023-12-29 08:39:38,465 [INFO] CrossReferenceDbSqlite:203 - Set database path to: /home/frank/.stmcufinder/plugins/mcufinder//mcu/cs/
2023-12-29 08:39:38,598 [INFO] MainPanel:264 - HeapMemory: 268435456
2023-12-29 08:39:38,735 [INFO] DbMcusXml:78 - Set database path to: /opt/st/stm32cubeide_1.14.0/plugins/com.st.stm32cube.common.mx_6.10.0.202311202037//db//mcu/
2023-12-29 08:39:38,735 [INFO] ApiDb:274 - Set plugin database path to: /opt/st/stm32cubeide_1.14.0/plugins/com.st.stm32cube.common.mx_6.10.0.202311202037//db//plugins/boardmanager/
2023-12-29 08:39:38,735 [INFO] ApiDb:261 - Set plugin images path to: /opt/st/stm32cubeide_1.14.0/plugins/com.st.stm32cube.common.mx_6.10.0.202311202037//db//plugins/mcufinder/images/
2023-12-29 08:39:38,735 [WARN] DbFile:41 - Overriding database path with different value: /home/frank/.stmcufinder/plugins/mcufinder/ => /home/frank/.stmcufinder/plugins/mcufinder
2023-12-29 08:39:38,736 [INFO] ApiDb:250 - Set database path to: /home/frank/.stmcufinder/plugins/mcufinder//mcu/
2023-12-29 08:39:38,736 [WARN] DbFile:41 - Overriding database path with different value: /home/frank/.stmcufinder/plugins/mcufinder/ => /home/frank/.stmcufinder/plugins/mcufinder
2023-12-29 08:39:38,736 [INFO] DbMcusAds:125 - Set database path to: /home/frank/.stmcufinder/plugins/mcufinder//mcu/
2023-12-29 08:39:38,736 [WARN] DbFile:41 - Overriding database path with different value: /home/frank/.stmcufinder/plugins/mcufinder/ => /home/frank/.stmcufinder/plugins/mcufinder
2023-12-29 08:39:38,736 [WARN] DbFile:41 - Overriding database path with different value: /home/frank/.stmcufinder/plugins/mcufinder/ => /home/frank/.stmcufinder/plugins/mcufinder
2023-12-29 08:39:38,736 [INFO] CrossReferenceDbSqlite:203 - Set database path to: /home/frank/.stmcufinder/plugins/mcufinder//mcu/cs/
2023-12-29 08:39:38,754 [INFO] ApplicationProperties:184 - Using Application install path: /opt/st/stm32cubeide_1.14.0/plugins/com.st.stm32cube.common.mx_6.10.0.202311202037
2023-12-29 08:39:38,756 [INFO] PluginManage:196 - Search for loadable plugins [exclusion list=, ]
2023-12-29 08:39:38,757 [INFO] PluginManage:310 - Check plugin analytics
2023-12-29 08:39:38,874 [INFO] AnalyticsPlugin:253 - Accepted Software Licenses: 
2023-12-29 08:39:38,874 [INFO] AnalyticsPlugin:255 - Accepted CMSIS Pack Licenses: 
2023-12-29 08:39:38,874 [INFO] AnalyticsPlugin:257 - Accepted Firmware Licenses: FW.F4.1.28.0
2023-12-29 08:39:38,876 [INFO] PluginManage:359 - Loaded plugin analytics (category:tool,tabindex:-1)
2023-12-29 08:39:38,877 [INFO] PluginManage:310 - Check plugin cadmodel
2023-12-29 08:39:38,936 [INFO] CADModel:105 - Init CAD model plugin
2023-12-29 08:39:38,936 [INFO] PluginManage:359 - Loaded plugin cadmodel (category:power,tabindex:5)
2023-12-29 08:39:38,936 [INFO] PluginManage:310 - Check plugin clock
2023-12-29 08:39:38,947 [INFO] PluginManage:359 - Loaded plugin clock (category:base,tabindex:2)
2023-12-29 08:39:38,947 [INFO] PluginManage:310 - Check plugin ddr
2023-12-29 08:39:38,948 [INFO] PluginManage:359 - Loaded plugin ddr (category:tool,tabindex:6)
2023-12-29 08:39:38,949 [INFO] PluginManage:310 - Check plugin filemanager
2023-12-29 08:39:39,085 [INFO] PluginManage:359 - Loaded plugin filemanager (category:base,tabindex:10)
2023-12-29 08:39:39,085 [INFO] PluginManage:310 - Check plugin ipmanager
2023-12-29 08:39:39,095 [INFO] PluginManage:359 - Loaded plugin ipmanager (category:base,tabindex:5)
2023-12-29 08:39:39,095 [INFO] PluginManage:310 - Check plugin lpbam
2023-12-29 08:39:39,103 [INFO] PluginManage:359 - Loaded plugin lpbam (category:base,tabindex:0)
2023-12-29 08:39:39,103 [INFO] PluginManage:310 - Check plugin memorymap
2023-12-29 08:39:39,112 [INFO] PluginManage:359 - Loaded plugin memorymap (category:base,tabindex:4)
2023-12-29 08:39:39,112 [INFO] PluginManage:310 - Check plugin pinoutandconfiguration
2023-12-29 08:39:39,118 [INFO] PluginManage:359 - Loaded plugin pinoutandconfiguration (category:base,tabindex:1)
2023-12-29 08:39:39,118 [INFO] PluginManage:310 - Check plugin pinoutconfig
2023-12-29 08:39:39,191 [WARN] SupportedApi:132 - Cannot load RTOS API schema: s4s-elt-must-match.1: The content of 'definitions' must match (annotation?, (simpleType | complexType)?, (unique | key | keyref)*)). A problem was found starting at: attribute.
2023-12-29 08:39:39,292 [INFO] PluginManage:359 - Loaded plugin pinoutconfig (category:base,tabindex:0)
2023-12-29 08:39:39,292 [INFO] PluginManage:310 - Check plugin power
2023-12-29 08:39:39,300 [INFO] PluginManage:359 - Loaded plugin power (category:power,tabindex:4)
2023-12-29 08:39:39,300 [INFO] PluginManage:310 - Check plugin projectmanager
2023-12-29 08:39:39,316 [INFO] PluginManage:359 - Loaded plugin projectmanager (category:projectmanager,tabindex:3)
2023-12-29 08:39:39,316 [INFO] PluginManage:310 - Check plugin thirdparty
2023-12-29 08:39:39,420 [INFO] PluginManage:359 - Loaded plugin thirdparty (category:base,tabindex:-1)
2023-12-29 08:39:39,420 [WARN] IntegrityCheckThread:84 - waiting for thirdparty lock release [integrity check]
2023-12-29 08:39:39,421 [INFO] PluginManage:310 - Check plugin tools
2023-12-29 08:39:39,421 [INFO] IntegrityCheckThread:86 - entering critical section [integrity check]
2023-12-29 08:39:39,421 [INFO] ThirdPartyUpdaterWithRetryManager:70 - Updater plugin not ready yet. [1/15]
2023-12-29 08:39:39,423 [INFO] PluginManage:359 - Loaded plugin tools (category:base,tabindex:7)
2023-12-29 08:39:39,423 [INFO] PluginManage:310 - Check plugin tutovideos
2023-12-29 08:39:39,553 [INFO] PluginManage:359 - Loaded plugin tutovideos (category:base,tabindex:-1)
2023-12-29 08:39:39,554 [INFO] PluginManage:310 - Check plugin updater
2023-12-29 08:39:39,564 [INFO] PluginManage:359 - Loaded plugin updater (category:base,tabindex:12)
2023-12-29 08:39:39,564 [INFO] PluginManage:310 - Check plugin userauth
2023-12-29 08:39:39,569 [INFO] UserAuth:114 - Init User Auth plugin
2023-12-29 08:39:39,569 [INFO] PluginManage:359 - Loaded plugin userauth (category:base,tabindex:14)
2023-12-29 08:39:39,570 [INFO] PluginManage:283 - PluginManage : Loaded plugins [17]
2023-12-29 08:39:39,723 [INFO] PinOutPanel:1499 - setPackage(No Configuration,No Configuration)
2023-12-29 08:39:39,775 [INFO] CADModel:165 - CPN selected for project level
2023-12-29 08:39:39,775 [INFO] CADModel:114 - Register for checkConnection events
2023-12-29 08:39:39,783 [INFO] IPUIPlugin:80 - create IPUIPlugin
2023-12-29 08:39:39,783 [INFO] PluginManager:220 - loadIPPluginJar : add ucpd
2023-12-29 08:39:39,784 [INFO] IPUIPlugin:80 - create IPUIPlugin
2023-12-29 08:39:39,784 [INFO] PluginManager:220 - loadIPPluginJar : add ltdc
2023-12-29 08:39:39,789 [INFO] IPUIPlugin:80 - create IPUIPlugin
2023-12-29 08:39:39,792 [INFO] PluginManager:220 - loadIPPluginJar : add plateformsettings
2023-12-29 08:39:39,796 [INFO] IPUIPlugin:80 - create IPUIPlugin
2023-12-29 08:39:39,796 [INFO] PluginManager:220 - loadIPPluginJar : add hash
2023-12-29 08:39:39,797 [INFO] IPUIPlugin:80 - create IPUIPlugin
2023-12-29 08:39:39,797 [INFO] PluginManager:220 - loadIPPluginJar : add gfxmmu
2023-12-29 08:39:39,803 [INFO] IPUIPlugin:80 - create IPUIPlugin
2023-12-29 08:39:39,803 [INFO] PluginManager:220 - loadIPPluginJar : add stm32_wpan
2023-12-29 08:39:39,804 [INFO] IPUIPlugin:80 - create IPUIPlugin
2023-12-29 08:39:39,804 [INFO] PluginManager:220 - loadIPPluginJar : add ts
2023-12-29 08:39:39,805 [INFO] IPUIPlugin:80 - create IPUIPlugin
2023-12-29 08:39:39,805 [INFO] PluginManager:220 - loadIPPluginJar : add quadspi
2023-12-29 08:39:39,807 [INFO] IPUIPlugin:80 - create IPUIPlugin
2023-12-29 08:39:39,807 [INFO] PluginManager:220 - loadIPPluginJar : add usbx
2023-12-29 08:39:39,809 [INFO] IPUIPlugin:80 - create IPUIPlugin
2023-12-29 08:39:39,809 [INFO] PluginManager:220 - loadIPPluginJar : add aes
2023-12-29 08:39:39,812 [INFO] IPUIPlugin:80 - create IPUIPlugin
2023-12-29 08:39:39,812 [INFO] PluginManager:220 - loadIPPluginJar : add nvic
2023-12-29 08:39:39,816 [INFO] IPUIPlugin:80 - create IPUIPlugin
2023-12-29 08:39:39,816 [INFO] PluginManager:220 - loadIPPluginJar : add adc
2023-12-29 08:39:39,818 [INFO] IPUIPlugin:80 - create IPUIPlugin
2023-12-29 08:39:39,818 [INFO] PluginManager:220 - loadIPPluginJar : add cryp
2023-12-29 08:39:39,820 [INFO] IPUIPlugin:80 - create IPUIPlugin
2023-12-29 08:39:39,820 [INFO] PluginManager:220 - loadIPPluginJar : add touchsensing
2023-12-29 08:39:39,823 [INFO] IPUIPlugin:80 - create IPUIPlugin
2023-12-29 08:39:39,823 [INFO] PluginManager:220 - loadIPPluginJar : add fmc
2023-12-29 08:39:39,825 [INFO] IPUIPlugin:80 - create IPUIPlugin
2023-12-29 08:39:39,825 [INFO] PluginManager:220 - loadIPPluginJar : add openamp
2023-12-29 08:39:39,831 [INFO] IPUIPlugin:80 - create IPUIPlugin
2023-12-29 08:39:39,831 [INFO] PluginManager:220 - loadIPPluginJar : add linkedlist
2023-12-29 08:39:39,832 [INFO] IPUIPlugin:80 - create IPUIPlugin
2023-12-29 08:39:39,832 [INFO] PluginManager:220 - loadIPPluginJar : add tracer_emb
2023-12-29 08:39:39,837 [INFO] IPUIPlugin:80 - create IPUIPlugin
2023-12-29 08:39:39,837 [INFO] PluginManager:220 - loadIPPluginJar : add dma
2023-12-29 08:39:39,839 [INFO] IPUIPlugin:80 - create IPUIPlugin
2023-12-29 08:39:39,839 [INFO] PluginManager:220 - loadIPPluginJar : add sai
2023-12-29 08:39:39,844 [INFO] IPUIPlugin:80 - create IPUIPlugin
2023-12-29 08:39:39,844 [INFO] PluginManager:220 - loadIPPluginJar : add freertos
2023-12-29 08:39:39,850 [INFO] IPUIPlugin:80 - create IPUIPlugin
2023-12-29 08:39:39,850 [INFO] PluginManager:220 - loadIPPluginJar : add mdma
2023-12-29 08:39:39,851 [INFO] IPUIPlugin:80 - create IPUIPlugin
2023-12-29 08:39:39,851 [INFO] PluginManager:220 - loadIPPluginJar : add genericplugin
2023-12-29 08:39:39,852 [INFO] IPUIPlugin:80 - create IPUIPlugin
2023-12-29 08:39:39,853 [INFO] PluginManager:220 - loadIPPluginJar : add tsc
2023-12-29 08:39:39,855 [INFO] IPUIPlugin:80 - create IPUIPlugin
2023-12-29 08:39:39,855 [INFO] PluginManager:220 - loadIPPluginJar : add pdm2pcm
2023-12-29 08:39:39,856 [INFO] IPUIPlugin:80 - create IPUIPlugin
2023-12-29 08:39:39,856 [INFO] PluginManager:220 - loadIPPluginJar : add fatfs
2023-12-29 08:39:39,858 [INFO] IPUIPlugin:80 - create IPUIPlugin
2023-12-29 08:39:39,858 [INFO] PluginManager:220 - loadIPPluginJar : add can
2023-12-29 08:39:39,860 [INFO] IPUIPlugin:80 - create IPUIPlugin
2023-12-29 08:39:39,860 [INFO] PluginManager:220 - loadIPPluginJar : add i3c
2023-12-29 08:39:39,862 [INFO] IPUIPlugin:80 - create IPUIPlugin
2023-12-29 08:39:39,862 [INFO] PluginManager:220 - loadIPPluginJar : add i2s
2023-12-29 08:39:39,863 [INFO] IPUIPlugin:80 - create IPUIPlugin
2023-12-29 08:39:39,863 [INFO] PluginManager:220 - loadIPPluginJar : add i2c
2023-12-29 08:39:39,865 [INFO] IPUIPlugin:80 - create IPUIPlugin
2023-12-29 08:39:39,865 [INFO] PluginManager:220 - loadIPPluginJar : add spi
2023-12-29 08:39:39,867 [INFO] IPUIPlugin:80 - create IPUIPlugin
2023-12-29 08:39:39,867 [INFO] PluginManager:220 - loadIPPluginJar : add dfsdm
2023-12-29 08:39:39,868 [INFO] IPUIPlugin:80 - create IPUIPlugin
2023-12-29 08:39:39,868 [INFO] PluginManager:220 - loadIPPluginJar : add tim
2023-12-29 08:39:39,871 [INFO] IPUIPlugin:80 - create IPUIPlugin
2023-12-29 08:39:39,871 [INFO] PluginManager:220 - loadIPPluginJar : add opamp
2023-12-29 08:39:39,873 [INFO] IPUIPlugin:80 - create IPUIPlugin
2023-12-29 08:39:39,873 [INFO] PluginManager:220 - loadIPPluginJar : add dma3
2023-12-29 08:39:39,876 [INFO] IPUIPlugin:80 - create IPUIPlugin
2023-12-29 08:39:39,876 [INFO] PluginManager:220 - loadIPPluginJar : add ipddr
2023-12-29 08:39:39,877 [INFO] IPUIPlugin:80 - create IPUIPlugin
2023-12-29 08:39:39,877 [INFO] PluginManager:220 - loadIPPluginJar : add comp
2023-12-29 08:39:39,879 [INFO] IPUIPlugin:80 - create IPUIPlugin
2023-12-29 08:39:39,879 [INFO] PluginManager:220 - loadIPPluginJar : add resmgrutility
2023-12-29 08:39:39,882 [INFO] IPUIPlugin:80 - create IPUIPlugin
2023-12-29 08:39:39,882 [INFO] PluginManager:220 - loadIPPluginJar : add gtzc
2023-12-29 08:39:39,886 [INFO] IPUIPlugin:80 - create IPUIPlugin
2023-12-29 08:39:39,886 [INFO] PluginManager:220 - loadIPPluginJar : add gpio
2023-12-29 08:39:39,888 [INFO] IPUIPlugin:80 - create IPUIPlugin
2023-12-29 08:39:39,888 [INFO] PluginManager:220 - loadIPPluginJar : add usart
2023-12-29 08:39:39,890 [INFO] IPUIPlugin:80 - create IPUIPlugin
2023-12-29 08:39:39,890 [INFO] PluginManager:220 - loadIPPluginJar : add lorawan
2023-12-29 08:39:39,894 [INFO] IPUIPlugin:80 - create IPUIPlugin
2023-12-29 08:39:39,894 [INFO] PluginManager:220 - loadIPPluginJar : add gic
2023-12-29 08:39:39,994 [INFO] CADModel:165 - CPN selected for project level
2023-12-29 08:39:39,994 [INFO] CADModel:114 - Register for checkConnection events
2023-12-29 08:39:39,995 [FATAL] Updater:308 - Updater called before beeing initialized
2023-12-29 08:39:39,995 [ERROR] CADModel:125 - Updater not yet initialized, retry later 
2023-12-29 08:39:40,106 [INFO] CADModel:165 - CPN selected for project level
2023-12-29 08:39:40,106 [INFO] CADModel:114 - Register for checkConnection events
2023-12-29 08:39:40,106 [FATAL] Updater:308 - Updater called before beeing initialized
2023-12-29 08:39:40,106 [ERROR] CADModel:125 - Updater not yet initialized, retry later 
2023-12-29 08:39:40,109 [FATAL] Updater:308 - Updater called before beeing initialized
2023-12-29 08:39:40,181 [FATAL] Updater:308 - Updater called before beeing initialized
2023-12-29 08:39:40,185 [INFO] DbMcusAds:53 - JSON generation date=Wed Nov 29 12:52:38 EET 2023 (1701255158764)
2023-12-29 08:39:40,186 [FATAL] Updater:308 - Updater called before beeing initialized
2023-12-29 08:39:40,220 [WARN] DetailPanel:346 - Failed to get advertising image, set to default
2023-12-29 08:39:40,294 [FATAL] Updater:308 - Updater called before beeing initialized
2023-12-29 08:39:40,295 [FATAL] Updater:308 - Updater called before beeing initialized
2023-12-29 08:39:40,295 [FATAL] Updater:308 - Updater called before beeing initialized
2023-12-29 08:39:40,295 [WARN] DetailPanel:346 - Failed to get advertising image, set to default
2023-12-29 08:39:40,296 [FATAL] Updater:308 - Updater called before beeing initialized
2023-12-29 08:39:40,326 [ERROR] Updater:1120 - MainUpdater not yet initialized. External WinMGr cannot be set.
2023-12-29 08:39:40,327 [INFO] Updater:1056 - Updater Version found : 6.10.0
2023-12-29 08:39:40,343 [INFO] ApplicationProperties:184 - Using Application install path: /opt/st/stm32cubeide_1.14.0/plugins/com.st.stm32cube.common.mx_6.10.0.202311202037
2023-12-29 08:39:40,633 [INFO] MainUpdater:2873 - connection check result : 10
2023-12-29 08:39:40,633 [INFO] MainUpdater:3567 - Updater definition file requires update
2023-12-29 08:39:40,634 [INFO] MainUpdater:290 - Updater Check For Update Now.
2023-12-29 08:39:40,634 [INFO] MicroXplorer:498 - Change Database Version : DB.6.0.100
2023-12-29 08:39:40,639 [INFO] McuFinderGlobals:63 - Set McuFinder mode to 2 (CubeIDE integrated)
2023-12-29 08:39:40,661 [INFO] ServerAccessManage:473 - Download File updaters.zip
2023-12-29 08:39:40,750 [INFO] FileExtend:240 - Unzip File : updaters.zip
2023-12-29 08:39:40,751 [INFO] FileExtend:255 - Standard Zip Deflate
2023-12-29 08:39:40,899 [INFO] ServerAccessManage:473 - Download File PacksControlFlags.xml
2023-12-29 08:39:40,910 [INFO] UserAuth:404 - Internet connection configuration mode: 1
2023-12-29 08:39:40,921 [INFO] JxBrowserEngine:152 - Initiate JxBrowser Engine with user profile folder
2023-12-29 08:39:40,980 [INFO] ServerAccessManage:473 - Download File cubemx.pidx
2023-12-29 08:39:41,702 [INFO] ServerAccessManage:473 - Download File STMicroelectronics.X-CUBE-TOUCHGFX.pdsc
2023-12-29 08:39:41,760 [INFO] WebApp:161 - Instantiating new browser for Auth
2023-12-29 08:39:42,423 [WARN] MainUpdater:1194 - Updater busy. Cannot search thirdparties
2023-12-29 08:39:42,424 [INFO] ThirdPartyUpdaterWithRetryManager:96 - Updater plugin is busy. [1/15]
2023-12-29 08:39:42,935 [INFO] WebApp:780 - Register for checkConnection events
2023-12-29 08:39:42,935 [INFO] WebApp:414 - Apply proxy settings
2023-12-29 08:39:42,936 [INFO] WebApp:499 - Chromium requires no authentication
2023-12-29 08:39:42,941 [INFO] WebApp:442 - Direct internet connection detected
2023-12-29 08:39:43,065 [INFO] WebApp:192 - Starting web application
2023-12-29 08:39:43,065 [INFO] WebApp:544 - Web application path used /opt/st/stm32cubeide_1.14.0/plugins/com.st.stm32cube.common.mx_6.10.0.202311202037/db/plugins/mcufinder/reactClient1/index.html
2023-12-29 08:39:45,358 [ERROR] ServerAccessManage:1096 - Problem, Http access forbiden
2023-12-29 08:39:45,359 [ERROR] ServerAccessManage:651 - Problem, Http access forbiden : RoweBots.I-CUBE-UNISONRTOS.pdsc.
2023-12-29 08:39:45,424 [WARN] MainUpdater:1194 - Updater busy. Cannot search thirdparties
2023-12-29 08:39:45,424 [INFO] ThirdPartyUpdaterWithRetryManager:96 - Updater plugin is busy. [2/15]
2023-12-29 08:39:45,505 [INFO] ServerAccessManage:473 - Download File SEGGER.I-CUBE-embOS.pdsc
2023-12-29 08:39:45,762 [WARN] PackLoader:240 - Cannot read IP mode file for STMicroelectronics.X-CUBE-TOUCHGFX.4.23.0
2023-12-29 08:39:45,816 [WARN] PackLoader:240 - Cannot read IP mode file for SEGGER.I-CUBE-embOS.1.3.1
2023-12-29 08:39:45,878 [INFO] PopulateThirdPartyThread:66 - Ending populate Thread
2023-12-29 08:39:45,880 [INFO] ThirdParty:1030 - CMSIS Pack Vendor :SEGGER I-CUBE-embOS 1.3.1
2023-12-29 08:39:45,880 [INFO] ThirdParty:1030 - CMSIS Pack Vendor :STMicroelectronics X-CUBE-TOUCHGFX 4.23.0
2023-12-29 08:39:45,880 [INFO] LoadServerUpdatesThread:375 - End of LoadServerUpdate Thread
2023-12-29 08:39:45,889 [INFO] CheckServerUpdateThread:120 - End of CheckServer Thread
2023-12-29 08:39:48,497 [WARN] PackLoader:240 - Cannot read IP mode file for STMicroelectronics.X-CUBE-SMBUS.2.1.0
2023-12-29 08:39:48,500 [WARN] PackLoader:240 - Cannot read IP mode file for STMicroelectronics.X-CUBE-TOUCHGFX.4.23.0
2023-12-29 08:39:48,517 [WARN] PackLoader:240 - Cannot read IP mode file for STMicroelectronics.X-CUBE-AZRTOS-F7.1.1.0
2023-12-29 08:39:48,526 [WARN] PackLoader:240 - Cannot read IP mode file for STMicroelectronics.FP-SNS-MOTENV1.4.3.2
2023-12-29 08:39:48,532 [WARN] PackLoader:240 - Cannot read IP mode file for STMicroelectronics.FP-SNS-FLIGHT1.5.0.2
2023-12-29 08:39:48,538 [WARN] PackLoader:240 - Cannot read IP mode file for STMicroelectronics.X-CUBE-DISPLAY.3.0.0
2023-12-29 08:39:48,548 [WARN] PackLoader:240 - Cannot read IP mode file for STMicroelectronics.X-CUBE-BLE1.7.0.0
2023-12-29 08:39:48,552 [WARN] PackLoader:240 - Cannot read IP mode file for emotas.I-CUBE-CANOPEN.1.3.0
2023-12-29 08:39:48,555 [WARN] PackLoader:240 - Cannot read IP mode file for STMicroelectronics.X-CUBE-TOUCHGFX.4.22.1
2023-12-29 08:39:48,559 [WARN] PackLoader:240 - Cannot read IP mode file for STMicroelectronics.FP-SNS-SMARTAG2.1.2.0
2023-12-29 08:39:48,568 [INFO] LogOutputStream:77 - [STDOUT_REDIRECT] 1 : Invalid condition id : UX_CORESTACK_Condition cause : null
2023-12-29 08:39:48,569 [INFO] LogOutputStream:77 - [STDOUT_REDIRECT] 1 : Invalid condition id : UX_CORESTACK_Condition cause : null
2023-12-29 08:39:48,569 [INFO] LogOutputStream:77 - [STDOUT_REDIRECT] 1 : Invalid condition id : UX_CORESTACK_Condition cause : null
2023-12-29 08:39:48,569 [INFO] LogOutputStream:77 - [STDOUT_REDIRECT] 1 : Invalid condition id : UX_CORESTACK_Condition cause : null
2023-12-29 08:39:48,570 [INFO] LogOutputStream:77 - [STDOUT_REDIRECT] 1 : Invalid condition id : UX_CORESTACK_Condition cause : null
2023-12-29 08:39:48,574 [WARN] PackLoader:240 - Cannot read IP mode file for STMicroelectronics.X-CUBE-AZRTOS-WL.2.0.0
2023-12-29 08:39:48,582 [WARN] PackLoader:240 - Cannot read IP mode file for WES.I-CUBE-Cesium.1.3.0
2023-12-29 08:39:48,586 [WARN] PackLoader:240 - Cannot read IP mode file for STMicroelectronics.X-CUBE-BLE2.3.3.0
2023-12-29 08:39:48,591 [WARN] PackLoader:240 - Cannot read IP mode file for STMicroelectronics.X-CUBE-ALGOBUILD.1.3.0
2023-12-29 08:39:48,608 [WARN] PackLoader:240 - Cannot read IP mode file for STMicroelectronics.X-CUBE-AZRTOS-G0.1.1.0
2023-12-29 08:39:48,616 [WARN] PackLoader:240 - Cannot read IP mode file for STMicroelectronics.X-CUBE-NFC4.3.0.0
2023-12-29 08:39:48,627 [WARN] PackLoader:240 - Cannot read IP mode file for STMicroelectronics.X-CUBE-BLEMGR.3.0.0
2023-12-29 08:39:48,634 [WARN] PackLoader:240 - Cannot read IP mode file for STMicroelectronics.FP-ATR-SIGFOX1.3.2.0
2023-12-29 08:39:48,666 [WARN] PackLoader:240 - Cannot read IP mode file for SEGGER.I-CUBE-embOS.1.3.1
2023-12-29 08:39:48,702 [WARN] PackLoader:240 - Cannot read IP mode file for STMicroelectronics.X-CUBE-GNSS1.6.0.0
2023-12-29 08:39:48,716 [WARN] PackLoader:240 - Cannot read IP mode file for STMicroelectronics.X-CUBE-AZRTOS-F4.1.1.0
2023-12-29 08:39:48,721 [WARN] PackLoader:240 - Cannot read IP mode file for wolfSSL.I-CUBE-wolfSSL.5.6.4
2023-12-29 08:39:48,734 [WARN] PackLoader:240 - Cannot read IP mode file for STMicroelectronics.X-CUBE-AZRTOS-L5.2.0.0
2023-12-29 08:39:48,740 [WARN] PackLoader:240 - Cannot read IP mode file for STMicroelectronics.X-CUBE-EEPRMA1.4.2.0
2023-12-29 08:39:48,744 [WARN] PackLoader:240 - Cannot read IP mode file for ITTIA_DB.I-CUBE-ITTIADB.8.8.0
2023-12-29 08:39:48,768 [WARN] ConditionMgr:438 - getConditionDescription Invalid condition id : UX DEVICE CLASS RTOS Condition cause : null
2023-12-29 08:39:48,769 [WARN] ConditionMgr:438 - getConditionDescription Invalid condition id : UX DEVICE CLASS RTOS Condition cause : null
2023-12-29 08:39:48,773 [WARN] PackLoader:240 - Cannot read IP mode file for STMicroelectronics.X-CUBE-AZRTOS-H7.3.1.0
2023-12-29 08:39:48,775 [WARN] ConditionMgr:1039 - genDependencies : Invalid condition id : UX DEVICE CLASS RTOS Condition cause : null
2023-12-29 08:39:48,775 [WARN] ConditionMgr:1039 - genDependencies : Invalid condition id : UX DEVICE CLASS RTOS Condition cause : null
2023-12-29 08:39:48,777 [WARN] ConditionMgr:1039 - genDependencies : Invalid condition id : UX DEVICE CLASS RTOS Condition cause : null
2023-12-29 08:39:48,778 [WARN] ConditionMgr:1039 - genDependencies : Invalid condition id : UX DEVICE CLASS RTOS Condition cause : null
2023-12-29 08:39:48,778 [WARN] ConditionMgr:1039 - genDependencies : Invalid condition id : UX DEVICE CLASS RTOS Condition cause : null
2023-12-29 08:39:48,785 [WARN] PackLoader:240 - Cannot read IP mode file for STMicroelectronics.X-CUBE-NFC7.1.0.1
2023-12-29 08:39:48,793 [WARN] PackLoader:240 - Cannot read IP mode file for STMicroelectronics.X-CUBE-NFC6.3.0.0
2023-12-29 08:39:48,799 [WARN] PackLoader:240 - Cannot read IP mode file for STMicroelectronics.X-CUBE-AI.8.1.0
2023-12-29 08:39:48,821 [WARN] ConditionMgr:438 - getConditionDescription Invalid condition id : LAN8742 Phy interface Condition cause : null
2023-12-29 08:39:48,821 [WARN] PackLoader:240 - Cannot read IP mode file for STMicroelectronics.X-CUBE-AZRTOS-L4.2.0.0
2023-12-29 08:39:48,822 [WARN] ConditionMgr:1039 - genDependencies : Invalid condition id : LAN8742 Phy interface Condition cause : null
2023-12-29 08:39:48,823 [WARN] ConditionMgr:1039 - genDependencies : Invalid condition id : LAN8742 Phy interface Condition cause : null
2023-12-29 08:39:48,823 [WARN] ConditionMgr:1039 - genDependencies : Invalid condition id : LAN8742 Phy interface Condition cause : null
2023-12-29 08:39:48,829 [WARN] PackLoader:240 - Cannot read IP mode file for STMicroelectronics.X-CUBE-SFXS2LP1.4.0.0
2023-12-29 08:39:48,833 [WARN] PackLoader:240 - Cannot read IP mode file for STMicroelectronics.X-CUBE-ISPU.1.1.0
2023-12-29 08:39:48,842 [WARN] ConditionMgr:438 - getConditionDescription Invalid condition id : UX DEVICE CLASS RTOS Condition cause : null
2023-12-29 08:39:48,842 [WARN] ConditionMgr:438 - getConditionDescription Invalid condition id : UX DEVICE CLASS RTOS Condition cause : null
2023-12-29 08:39:48,844 [WARN] PackLoader:240 - Cannot read IP mode file for STMicroelectronics.X-CUBE-AZRTOS-WB.2.0.0
2023-12-29 08:39:48,845 [WARN] ConditionMgr:1039 - genDependencies : Invalid condition id : UX DEVICE CLASS RTOS Condition cause : null
2023-12-29 08:39:48,845 [WARN] ConditionMgr:1039 - genDependencies : Invalid condition id : UX DEVICE CLASS RTOS Condition cause : null
2023-12-29 08:39:48,845 [WARN] ConditionMgr:1039 - genDependencies : Invalid condition id : UX DEVICE CLASS RTOS Condition cause : null
2023-12-29 08:39:48,845 [WARN] ConditionMgr:1039 - genDependencies : Invalid condition id : UX DEVICE CLASS RTOS Condition cause : null
2023-12-29 08:39:48,846 [WARN] ConditionMgr:1039 - genDependencies : Invalid condition id : UX DEVICE CLASS RTOS Condition cause : null
2023-12-29 08:39:48,853 [WARN] PackLoader:240 - Cannot read IP mode file for STMicroelectronics.X-CUBE-SUBG2.5.0.0
2023-12-29 08:39:48,869 [WARN] PackLoader:240 - Cannot read IP mode file for STMicroelectronics.X-CUBE-AZRTOS-G4.2.0.0
2023-12-29 08:39:48,879 [WARN] PackLoader:240 - Cannot read IP mode file for Infineon.AIROC-Wi-Fi-Bluetooth-STM32.1.5.1
2023-12-29 08:39:48,884 [WARN] PackLoader:240 - Cannot read IP mode file for STMicroelectronics.FP-SNS-MOTENVWB1.1.3.1
2023-12-29 08:39:48,887 [WARN] PackLoader:240 - Cannot read IP mode file for STMicroelectronics.X-CUBE-ISPU.2.0.0
2023-12-29 08:39:48,918 [WARN] PackLoader:240 - Cannot read IP mode file for STMicroelectronics.X-CUBE-MEMS1.10.0.0
2023-12-29 08:39:49,039 [WARN] PackLoader:240 - Cannot read IP mode file for STMicroelectronics.X-CUBE-FREERTOS.1.1.0
2023-12-29 08:39:49,043 [WARN] PackLoader:240 - Cannot read IP mode file for portGmbH.I-Cube-SoM-uGOAL.1.1.0
2023-12-29 08:39:49,048 [WARN] PackLoader:240 - Cannot read IP mode file for STMicroelectronics.X-CUBE-ALS.1.0.1
2023-12-29 08:39:49,051 [WARN] PackLoader:240 - Cannot read IP mode file for STMicroelectronics.FP-ATR-ASTRA1.2.0.0
2023-12-29 08:39:49,059 [WARN] PackLoader:240 - Cannot read IP mode file for STMicroelectronics.X-CUBE-TOF1.3.4.0
2023-12-29 08:39:49,082 [WARN] PackLoader:240 - Cannot read IP mode file for STMicroelectronics.X-CUBE-AZRTOS-H7.3.2.0
2023-12-29 08:39:49,084 [INFO] ThirdParty:978 - Integrity check success = true
2023-12-29 08:39:49,085 [INFO] IntegrityCheckThread:100 - exiting critical section [integrity check]
2023-12-29 08:39:49,085 [INFO] IntegrityCheckThread:103 - End integrity checks thread
2023-12-29 08:40:03,369 [ERROR] LogOutputStream:75 - [STDERR_REDIRECT] SLF4J: Failed to load class "org.slf4j.impl.StaticLoggerBinder".
2023-12-29 08:40:03,369 [ERROR] LogOutputStream:75 - [STDERR_REDIRECT] SLF4J: Defaulting to no-operation (NOP) logger implementation
2023-12-29 08:40:03,369 [ERROR] LogOutputStream:75 - [STDERR_REDIRECT] SLF4J: See http://www.slf4j.org/codes.html#StaticLoggerBinder for further details.
2023-12-29 08:41:22,246 [ERROR] LogOutputStream:75 - [STDERR_REDIRECT] SWT SessionManagerDBus: Failed to UnregisterClient: GDBus.Error:org.freedesktop.DBus.Error.NoReply: Message recipient disconnected from message bus without replying
