2023-12-10 10:02:38,987 [INFO] LogOutputStream:77 - [STDOUT_REDIRECT] 
2023-12-10 11:37:02,950 [ERROR] LogOutputStream:75 - [STDERR_REDIRECT] 
2023-12-10 11:38:13,548 [INFO] Activator:176 - 


2023-12-10 11:38:13,549 [INFO] Activator:177 - !SESSION log4j initialized
2023-12-10 11:38:15,997 [INFO] LogOutputStream:77 - [STDOUT_REDIRECT] 
2023-12-10 11:38:16,646 [INFO] ApplicationProperties:184 - Using Application install path: /opt/st/stm32cubeide_1.14.0/plugins/com.st.stm32cube.common.mx_6.10.0.202311202037
2023-12-10 11:38:16,665 [INFO] DbMcusXml:78 - Set database path to: /opt/st/stm32cubeide_1.14.0/plugins/com.st.stm32cube.common.mx_6.10.0.202311202037//db//mcu/
2023-12-10 11:38:16,666 [INFO] ApiDb:274 - Set plugin database path to: /opt/st/stm32cubeide_1.14.0/plugins/com.st.stm32cube.common.mx_6.10.0.202311202037//db//plugins/boardmanager/
2023-12-10 11:38:16,666 [WARN] ApiDb:259 - Overriding images path with different value:  => /opt/st/stm32cubeide_1.14.0/plugins/com.st.stm32cube.common.mx_6.10.0.202311202037//db//plugins/mcufinder/images/
2023-12-10 11:38:16,668 [INFO] ApiDb:250 - Set database path to: /home/frank/.stmcufinder/plugins/mcufinder//mcu/
2023-12-10 11:38:16,669 [INFO] DbMcusAds:125 - Set database path to: /home/frank/.stmcufinder/plugins/mcufinder//mcu/
2023-12-10 11:38:16,670 [INFO] CrossReferenceDbSqlite:203 - Set database path to: /home/frank/.stmcufinder/plugins/mcufinder//mcu/cs/
2023-12-10 11:38:16,766 [INFO] RulesReader:64 - Compatibility file has been processed (297 Rules)
2023-12-10 11:38:16,807 [INFO] DbMcusXml:78 - Set database path to: /opt/st/stm32cubeide_1.14.0/plugins/com.st.stm32cube.common.mx_6.10.0.202311202037//db//mcu/
2023-12-10 11:38:16,807 [INFO] ApiDb:274 - Set plugin database path to: /opt/st/stm32cubeide_1.14.0/plugins/com.st.stm32cube.common.mx_6.10.0.202311202037//db//plugins/boardmanager/
2023-12-10 11:38:16,808 [INFO] ApiDb:261 - Set plugin images path to: /opt/st/stm32cubeide_1.14.0/plugins/com.st.stm32cube.common.mx_6.10.0.202311202037//db//plugins/mcufinder/images/
2023-12-10 11:38:16,808 [WARN] DbFile:41 - Overriding database path with different value: /home/frank/.stmcufinder/plugins/mcufinder/ => /home/frank/.stmcufinder/plugins/mcufinder
2023-12-10 11:38:16,808 [INFO] ApiDb:250 - Set database path to: /home/frank/.stmcufinder/plugins/mcufinder//mcu/
2023-12-10 11:38:16,808 [WARN] DbFile:41 - Overriding database path with different value: /home/frank/.stmcufinder/plugins/mcufinder/ => /home/frank/.stmcufinder/plugins/mcufinder
2023-12-10 11:38:16,808 [INFO] DbMcusAds:125 - Set database path to: /home/frank/.stmcufinder/plugins/mcufinder//mcu/
2023-12-10 11:38:16,808 [WARN] DbFile:41 - Overriding database path with different value: /home/frank/.stmcufinder/plugins/mcufinder/ => /home/frank/.stmcufinder/plugins/mcufinder
2023-12-10 11:38:16,808 [WARN] DbFile:41 - Overriding database path with different value: /home/frank/.stmcufinder/plugins/mcufinder/ => /home/frank/.stmcufinder/plugins/mcufinder
2023-12-10 11:38:16,809 [INFO] CrossReferenceDbSqlite:203 - Set database path to: /home/frank/.stmcufinder/plugins/mcufinder//mcu/cs/
2023-12-10 11:38:16,864 [INFO] MainPanel:264 - HeapMemory: 268435456
2023-12-10 11:38:16,937 [INFO] DbMcusXml:78 - Set database path to: /opt/st/stm32cubeide_1.14.0/plugins/com.st.stm32cube.common.mx_6.10.0.202311202037//db//mcu/
2023-12-10 11:38:16,937 [INFO] ApiDb:274 - Set plugin database path to: /opt/st/stm32cubeide_1.14.0/plugins/com.st.stm32cube.common.mx_6.10.0.202311202037//db//plugins/boardmanager/
2023-12-10 11:38:16,937 [INFO] ApiDb:261 - Set plugin images path to: /opt/st/stm32cubeide_1.14.0/plugins/com.st.stm32cube.common.mx_6.10.0.202311202037//db//plugins/mcufinder/images/
2023-12-10 11:38:16,938 [WARN] DbFile:41 - Overriding database path with different value: /home/frank/.stmcufinder/plugins/mcufinder/ => /home/frank/.stmcufinder/plugins/mcufinder
2023-12-10 11:38:16,938 [INFO] ApiDb:250 - Set database path to: /home/frank/.stmcufinder/plugins/mcufinder//mcu/
2023-12-10 11:38:16,938 [WARN] DbFile:41 - Overriding database path with different value: /home/frank/.stmcufinder/plugins/mcufinder/ => /home/frank/.stmcufinder/plugins/mcufinder
2023-12-10 11:38:16,938 [INFO] DbMcusAds:125 - Set database path to: /home/frank/.stmcufinder/plugins/mcufinder//mcu/
2023-12-10 11:38:16,938 [WARN] DbFile:41 - Overriding database path with different value: /home/frank/.stmcufinder/plugins/mcufinder/ => /home/frank/.stmcufinder/plugins/mcufinder
2023-12-10 11:38:16,938 [WARN] DbFile:41 - Overriding database path with different value: /home/frank/.stmcufinder/plugins/mcufinder/ => /home/frank/.stmcufinder/plugins/mcufinder
2023-12-10 11:38:16,938 [INFO] CrossReferenceDbSqlite:203 - Set database path to: /home/frank/.stmcufinder/plugins/mcufinder//mcu/cs/
2023-12-10 11:38:16,954 [INFO] ApplicationProperties:184 - Using Application install path: /opt/st/stm32cubeide_1.14.0/plugins/com.st.stm32cube.common.mx_6.10.0.202311202037
2023-12-10 11:38:16,956 [INFO] PluginManage:196 - Search for loadable plugins [exclusion list=, ]
2023-12-10 11:38:16,958 [INFO] PluginManage:310 - Check plugin analytics
2023-12-10 11:38:17,076 [INFO] AnalyticsPlugin:253 - Accepted Software Licenses: 
2023-12-10 11:38:17,077 [INFO] AnalyticsPlugin:255 - Accepted CMSIS Pack Licenses: 
2023-12-10 11:38:17,077 [INFO] AnalyticsPlugin:257 - Accepted Firmware Licenses: FW.F4.1.28.0
2023-12-10 11:38:17,079 [INFO] PluginManage:359 - Loaded plugin analytics (category:tool,tabindex:-1)
2023-12-10 11:38:17,080 [INFO] PluginManage:310 - Check plugin cadmodel
2023-12-10 11:38:17,099 [INFO] CADModel:105 - Init CAD model plugin
2023-12-10 11:38:17,099 [INFO] PluginManage:359 - Loaded plugin cadmodel (category:power,tabindex:5)
2023-12-10 11:38:17,100 [INFO] PluginManage:310 - Check plugin clock
2023-12-10 11:38:17,106 [INFO] PluginManage:359 - Loaded plugin clock (category:base,tabindex:2)
2023-12-10 11:38:17,106 [INFO] PluginManage:310 - Check plugin ddr
2023-12-10 11:38:17,108 [INFO] PluginManage:359 - Loaded plugin ddr (category:tool,tabindex:6)
2023-12-10 11:38:17,108 [INFO] PluginManage:310 - Check plugin filemanager
2023-12-10 11:38:17,237 [INFO] PluginManage:359 - Loaded plugin filemanager (category:base,tabindex:10)
2023-12-10 11:38:17,237 [INFO] PluginManage:310 - Check plugin ipmanager
2023-12-10 11:38:17,243 [INFO] PluginManage:359 - Loaded plugin ipmanager (category:base,tabindex:5)
2023-12-10 11:38:17,244 [INFO] PluginManage:310 - Check plugin lpbam
2023-12-10 11:38:17,251 [INFO] PluginManage:359 - Loaded plugin lpbam (category:base,tabindex:0)
2023-12-10 11:38:17,251 [INFO] PluginManage:310 - Check plugin memorymap
2023-12-10 11:38:17,260 [INFO] PluginManage:359 - Loaded plugin memorymap (category:base,tabindex:4)
2023-12-10 11:38:17,261 [INFO] PluginManage:310 - Check plugin pinoutandconfiguration
2023-12-10 11:38:17,266 [INFO] PluginManage:359 - Loaded plugin pinoutandconfiguration (category:base,tabindex:1)
2023-12-10 11:38:17,266 [INFO] PluginManage:310 - Check plugin pinoutconfig
2023-12-10 11:38:17,336 [WARN] SupportedApi:132 - Cannot load RTOS API schema: s4s-elt-must-match.1: The content of 'definitions' must match (annotation?, (simpleType | complexType)?, (unique | key | keyref)*)). A problem was found starting at: attribute.
2023-12-10 11:38:17,447 [INFO] PluginManage:359 - Loaded plugin pinoutconfig (category:base,tabindex:0)
2023-12-10 11:38:17,448 [INFO] PluginManage:310 - Check plugin power
2023-12-10 11:38:17,457 [INFO] PluginManage:359 - Loaded plugin power (category:power,tabindex:4)
2023-12-10 11:38:17,458 [INFO] PluginManage:310 - Check plugin projectmanager
2023-12-10 11:38:17,473 [INFO] PluginManage:359 - Loaded plugin projectmanager (category:projectmanager,tabindex:3)
2023-12-10 11:38:17,474 [INFO] PluginManage:310 - Check plugin thirdparty
2023-12-10 11:38:17,572 [INFO] PluginManage:359 - Loaded plugin thirdparty (category:base,tabindex:-1)
2023-12-10 11:38:17,572 [WARN] IntegrityCheckThread:84 - waiting for thirdparty lock release [integrity check]
2023-12-10 11:38:17,572 [INFO] PluginManage:310 - Check plugin tools
2023-12-10 11:38:17,572 [INFO] IntegrityCheckThread:86 - entering critical section [integrity check]
2023-12-10 11:38:17,573 [INFO] ThirdPartyUpdaterWithRetryManager:70 - Updater plugin not ready yet. [1/15]
2023-12-10 11:38:17,574 [INFO] PluginManage:359 - Loaded plugin tools (category:base,tabindex:7)
2023-12-10 11:38:17,575 [INFO] PluginManage:310 - Check plugin tutovideos
2023-12-10 11:38:17,761 [INFO] PluginManage:359 - Loaded plugin tutovideos (category:base,tabindex:-1)
2023-12-10 11:38:17,762 [INFO] PluginManage:310 - Check plugin updater
2023-12-10 11:38:17,775 [INFO] PluginManage:359 - Loaded plugin updater (category:base,tabindex:12)
2023-12-10 11:38:17,775 [INFO] PluginManage:310 - Check plugin userauth
2023-12-10 11:38:17,778 [INFO] UserAuth:114 - Init User Auth plugin
2023-12-10 11:38:17,779 [INFO] PluginManage:359 - Loaded plugin userauth (category:base,tabindex:14)
2023-12-10 11:38:17,779 [INFO] PluginManage:283 - PluginManage : Loaded plugins [17]
2023-12-10 11:38:17,901 [INFO] PinOutPanel:1499 - setPackage(No Configuration,No Configuration)
2023-12-10 11:38:17,938 [INFO] CADModel:165 - CPN selected for project level
2023-12-10 11:38:17,938 [INFO] CADModel:114 - Register for checkConnection events
2023-12-10 11:38:17,944 [INFO] IPUIPlugin:80 - create IPUIPlugin
2023-12-10 11:38:17,944 [INFO] PluginManager:220 - loadIPPluginJar : add ucpd
2023-12-10 11:38:17,945 [INFO] IPUIPlugin:80 - create IPUIPlugin
2023-12-10 11:38:17,945 [INFO] PluginManager:220 - loadIPPluginJar : add ltdc
2023-12-10 11:38:17,949 [INFO] IPUIPlugin:80 - create IPUIPlugin
2023-12-10 11:38:17,951 [INFO] PluginManager:220 - loadIPPluginJar : add plateformsettings
2023-12-10 11:38:17,954 [INFO] IPUIPlugin:80 - create IPUIPlugin
2023-12-10 11:38:17,954 [INFO] PluginManager:220 - loadIPPluginJar : add hash
2023-12-10 11:38:17,955 [INFO] IPUIPlugin:80 - create IPUIPlugin
2023-12-10 11:38:17,955 [INFO] PluginManager:220 - loadIPPluginJar : add gfxmmu
2023-12-10 11:38:17,959 [INFO] IPUIPlugin:80 - create IPUIPlugin
2023-12-10 11:38:17,959 [INFO] PluginManager:220 - loadIPPluginJar : add stm32_wpan
2023-12-10 11:38:17,960 [INFO] IPUIPlugin:80 - create IPUIPlugin
2023-12-10 11:38:17,960 [INFO] PluginManager:220 - loadIPPluginJar : add ts
2023-12-10 11:38:17,960 [INFO] IPUIPlugin:80 - create IPUIPlugin
2023-12-10 11:38:17,960 [INFO] PluginManager:220 - loadIPPluginJar : add quadspi
2023-12-10 11:38:17,962 [INFO] IPUIPlugin:80 - create IPUIPlugin
2023-12-10 11:38:17,962 [INFO] PluginManager:220 - loadIPPluginJar : add usbx
2023-12-10 11:38:17,963 [INFO] IPUIPlugin:80 - create IPUIPlugin
2023-12-10 11:38:17,963 [INFO] PluginManager:220 - loadIPPluginJar : add aes
2023-12-10 11:38:17,964 [INFO] IPUIPlugin:80 - create IPUIPlugin
2023-12-10 11:38:17,964 [INFO] PluginManager:220 - loadIPPluginJar : add nvic
2023-12-10 11:38:17,967 [INFO] IPUIPlugin:80 - create IPUIPlugin
2023-12-10 11:38:17,967 [INFO] PluginManager:220 - loadIPPluginJar : add adc
2023-12-10 11:38:17,968 [INFO] IPUIPlugin:80 - create IPUIPlugin
2023-12-10 11:38:17,968 [INFO] PluginManager:220 - loadIPPluginJar : add cryp
2023-12-10 11:38:17,969 [INFO] IPUIPlugin:80 - create IPUIPlugin
2023-12-10 11:38:17,969 [INFO] PluginManager:220 - loadIPPluginJar : add touchsensing
2023-12-10 11:38:17,971 [INFO] IPUIPlugin:80 - create IPUIPlugin
2023-12-10 11:38:17,971 [INFO] PluginManager:220 - loadIPPluginJar : add fmc
2023-12-10 11:38:17,972 [INFO] IPUIPlugin:80 - create IPUIPlugin
2023-12-10 11:38:17,972 [INFO] PluginManager:220 - loadIPPluginJar : add openamp
2023-12-10 11:38:17,976 [INFO] IPUIPlugin:80 - create IPUIPlugin
2023-12-10 11:38:17,976 [INFO] PluginManager:220 - loadIPPluginJar : add linkedlist
2023-12-10 11:38:17,976 [INFO] IPUIPlugin:80 - create IPUIPlugin
2023-12-10 11:38:17,976 [INFO] PluginManager:220 - loadIPPluginJar : add tracer_emb
2023-12-10 11:38:17,979 [INFO] IPUIPlugin:80 - create IPUIPlugin
2023-12-10 11:38:17,979 [INFO] PluginManager:220 - loadIPPluginJar : add dma
2023-12-10 11:38:17,980 [INFO] IPUIPlugin:80 - create IPUIPlugin
2023-12-10 11:38:17,980 [INFO] PluginManager:220 - loadIPPluginJar : add sai
2023-12-10 11:38:17,983 [INFO] IPUIPlugin:80 - create IPUIPlugin
2023-12-10 11:38:17,983 [INFO] PluginManager:220 - loadIPPluginJar : add freertos
2023-12-10 11:38:17,985 [INFO] IPUIPlugin:80 - create IPUIPlugin
2023-12-10 11:38:17,985 [INFO] PluginManager:220 - loadIPPluginJar : add mdma
2023-12-10 11:38:17,986 [INFO] IPUIPlugin:80 - create IPUIPlugin
2023-12-10 11:38:17,986 [INFO] PluginManager:220 - loadIPPluginJar : add genericplugin
2023-12-10 11:38:17,987 [INFO] IPUIPlugin:80 - create IPUIPlugin
2023-12-10 11:38:17,987 [INFO] PluginManager:220 - loadIPPluginJar : add tsc
2023-12-10 11:38:17,988 [INFO] IPUIPlugin:80 - create IPUIPlugin
2023-12-10 11:38:17,988 [INFO] PluginManager:220 - loadIPPluginJar : add pdm2pcm
2023-12-10 11:38:17,989 [INFO] IPUIPlugin:80 - create IPUIPlugin
2023-12-10 11:38:17,989 [INFO] PluginManager:220 - loadIPPluginJar : add fatfs
2023-12-10 11:38:17,990 [INFO] IPUIPlugin:80 - create IPUIPlugin
2023-12-10 11:38:17,990 [INFO] PluginManager:220 - loadIPPluginJar : add can
2023-12-10 11:38:17,991 [INFO] IPUIPlugin:80 - create IPUIPlugin
2023-12-10 11:38:17,991 [INFO] PluginManager:220 - loadIPPluginJar : add i3c
2023-12-10 11:38:17,992 [INFO] IPUIPlugin:80 - create IPUIPlugin
2023-12-10 11:38:17,992 [INFO] PluginManager:220 - loadIPPluginJar : add i2s
2023-12-10 11:38:17,993 [INFO] IPUIPlugin:80 - create IPUIPlugin
2023-12-10 11:38:17,993 [INFO] PluginManager:220 - loadIPPluginJar : add i2c
2023-12-10 11:38:17,994 [INFO] IPUIPlugin:80 - create IPUIPlugin
2023-12-10 11:38:17,994 [INFO] PluginManager:220 - loadIPPluginJar : add spi
2023-12-10 11:38:17,994 [INFO] IPUIPlugin:80 - create IPUIPlugin
2023-12-10 11:38:17,994 [INFO] PluginManager:220 - loadIPPluginJar : add dfsdm
2023-12-10 11:38:17,995 [INFO] IPUIPlugin:80 - create IPUIPlugin
2023-12-10 11:38:17,995 [INFO] PluginManager:220 - loadIPPluginJar : add tim
2023-12-10 11:38:17,996 [INFO] IPUIPlugin:80 - create IPUIPlugin
2023-12-10 11:38:17,996 [INFO] PluginManager:220 - loadIPPluginJar : add opamp
2023-12-10 11:38:17,997 [INFO] IPUIPlugin:80 - create IPUIPlugin
2023-12-10 11:38:17,997 [INFO] PluginManager:220 - loadIPPluginJar : add dma3
2023-12-10 11:38:17,998 [INFO] IPUIPlugin:80 - create IPUIPlugin
2023-12-10 11:38:17,998 [INFO] PluginManager:220 - loadIPPluginJar : add ipddr
2023-12-10 11:38:17,999 [INFO] IPUIPlugin:80 - create IPUIPlugin
2023-12-10 11:38:17,999 [INFO] PluginManager:220 - loadIPPluginJar : add comp
2023-12-10 11:38:18,000 [INFO] IPUIPlugin:80 - create IPUIPlugin
2023-12-10 11:38:18,000 [INFO] PluginManager:220 - loadIPPluginJar : add resmgrutility
2023-12-10 11:38:18,001 [INFO] IPUIPlugin:80 - create IPUIPlugin
2023-12-10 11:38:18,001 [INFO] PluginManager:220 - loadIPPluginJar : add gtzc
2023-12-10 11:38:18,002 [INFO] IPUIPlugin:80 - create IPUIPlugin
2023-12-10 11:38:18,003 [INFO] PluginManager:220 - loadIPPluginJar : add gpio
2023-12-10 11:38:18,003 [INFO] IPUIPlugin:80 - create IPUIPlugin
2023-12-10 11:38:18,003 [INFO] PluginManager:220 - loadIPPluginJar : add usart
2023-12-10 11:38:18,004 [INFO] IPUIPlugin:80 - create IPUIPlugin
2023-12-10 11:38:18,004 [INFO] PluginManager:220 - loadIPPluginJar : add lorawan
2023-12-10 11:38:18,007 [INFO] IPUIPlugin:80 - create IPUIPlugin
2023-12-10 11:38:18,007 [INFO] PluginManager:220 - loadIPPluginJar : add gic
2023-12-10 11:38:18,094 [INFO] CADModel:165 - CPN selected for project level
2023-12-10 11:38:18,095 [INFO] CADModel:114 - Register for checkConnection events
2023-12-10 11:38:18,095 [FATAL] Updater:308 - Updater called before beeing initialized
2023-12-10 11:38:18,095 [ERROR] CADModel:125 - Updater not yet initialized, retry later 
2023-12-10 11:38:18,181 [INFO] CADModel:165 - CPN selected for project level
2023-12-10 11:38:18,182 [INFO] CADModel:114 - Register for checkConnection events
2023-12-10 11:38:18,182 [FATAL] Updater:308 - Updater called before beeing initialized
2023-12-10 11:38:18,182 [ERROR] CADModel:125 - Updater not yet initialized, retry later 
2023-12-10 11:38:18,185 [FATAL] Updater:308 - Updater called before beeing initialized
2023-12-10 11:38:18,291 [FATAL] Updater:308 - Updater called before beeing initialized
2023-12-10 11:38:18,296 [INFO] DbMcusAds:53 - JSON generation date=Wed Nov 29 12:52:38 EET 2023 (1701255158764)
2023-12-10 11:38:18,297 [FATAL] Updater:308 - Updater called before beeing initialized
2023-12-10 11:38:18,327 [WARN] DetailPanel:346 - Failed to get advertising image, set to default
2023-12-10 11:38:18,389 [FATAL] Updater:308 - Updater called before beeing initialized
2023-12-10 11:38:18,393 [FATAL] Updater:308 - Updater called before beeing initialized
2023-12-10 11:38:18,393 [FATAL] Updater:308 - Updater called before beeing initialized
2023-12-10 11:38:18,393 [WARN] DetailPanel:346 - Failed to get advertising image, set to default
2023-12-10 11:38:18,394 [FATAL] Updater:308 - Updater called before beeing initialized
2023-12-10 11:38:18,431 [ERROR] Updater:1120 - MainUpdater not yet initialized. External WinMGr cannot be set.
2023-12-10 11:38:18,435 [INFO] Updater:1056 - Updater Version found : 6.10.0
2023-12-10 11:38:18,460 [INFO] ApplicationProperties:184 - Using Application install path: /opt/st/stm32cubeide_1.14.0/plugins/com.st.stm32cube.common.mx_6.10.0.202311202037
2023-12-10 11:38:18,849 [INFO] MainUpdater:2873 - connection check result : 10
2023-12-10 11:38:18,850 [INFO] MainUpdater:290 - Updater Check For Update Now.
2023-12-10 11:38:18,850 [INFO] MicroXplorer:498 - Change Database Version : DB.6.0.100
2023-12-10 11:38:18,855 [INFO] McuFinderGlobals:63 - Set McuFinder mode to 2 (CubeIDE integrated)
2023-12-10 11:38:19,011 [INFO] CheckServerUpdateThread:120 - End of CheckServer Thread
2023-12-10 11:38:19,167 [INFO] UserAuth:404 - Internet connection configuration mode: 1
2023-12-10 11:38:19,177 [INFO] JxBrowserEngine:152 - Initiate JxBrowser Engine with user profile folder
2023-12-10 11:38:19,511 [INFO] WebApp:161 - Instantiating new browser for Auth
2023-12-10 11:38:19,982 [INFO] WebApp:780 - Register for checkConnection events
2023-12-10 11:38:19,982 [INFO] WebApp:414 - Apply proxy settings
2023-12-10 11:38:19,982 [INFO] WebApp:499 - Chromium requires no authentication
2023-12-10 11:38:19,985 [INFO] WebApp:442 - Direct internet connection detected
2023-12-10 11:38:20,059 [INFO] WebApp:192 - Starting web application
2023-12-10 11:38:20,059 [INFO] WebApp:544 - Web application path used /opt/st/stm32cubeide_1.14.0/plugins/com.st.stm32cube.common.mx_6.10.0.202311202037/db/plugins/mcufinder/reactClient1/index.html
2023-12-10 11:38:20,657 [WARN] PackLoader:240 - Cannot read IP mode file for STMicroelectronics.X-CUBE-SMBUS.2.1.0
2023-12-10 11:38:20,687 [WARN] PackLoader:240 - Cannot read IP mode file for STMicroelectronics.X-CUBE-AZRTOS-F7.1.1.0
2023-12-10 11:38:20,700 [WARN] PackLoader:240 - Cannot read IP mode file for STMicroelectronics.FP-SNS-MOTENV1.4.3.2
2023-12-10 11:38:20,707 [WARN] PackLoader:240 - Cannot read IP mode file for STMicroelectronics.FP-SNS-FLIGHT1.5.0.2
2023-12-10 11:38:20,718 [WARN] PackLoader:240 - Cannot read IP mode file for STMicroelectronics.X-CUBE-DISPLAY.3.0.0
2023-12-10 11:38:20,740 [WARN] PackLoader:240 - Cannot read IP mode file for STMicroelectronics.X-CUBE-BLE1.7.0.0
2023-12-10 11:38:20,751 [WARN] PackLoader:240 - Cannot read IP mode file for emotas.I-CUBE-CANOPEN.1.3.0
2023-12-10 11:38:20,763 [WARN] PackLoader:240 - Cannot read IP mode file for STMicroelectronics.X-CUBE-TOUCHGFX.4.22.1
2023-12-10 11:38:20,770 [WARN] PackLoader:240 - Cannot read IP mode file for STMicroelectronics.FP-SNS-SMARTAG2.1.2.0
2023-12-10 11:38:20,783 [INFO] LogOutputStream:77 - [STDOUT_REDIRECT] 1 : Invalid condition id : UX_CORESTACK_Condition cause : null
2023-12-10 11:38:20,784 [INFO] LogOutputStream:77 - [STDOUT_REDIRECT] 1 : Invalid condition id : UX_CORESTACK_Condition cause : null
2023-12-10 11:38:20,785 [INFO] LogOutputStream:77 - [STDOUT_REDIRECT] 1 : Invalid condition id : UX_CORESTACK_Condition cause : null
2023-12-10 11:38:20,785 [INFO] LogOutputStream:77 - [STDOUT_REDIRECT] 1 : Invalid condition id : UX_CORESTACK_Condition cause : null
2023-12-10 11:38:20,785 [INFO] LogOutputStream:77 - [STDOUT_REDIRECT] 1 : Invalid condition id : UX_CORESTACK_Condition cause : null
2023-12-10 11:38:20,789 [WARN] PackLoader:240 - Cannot read IP mode file for STMicroelectronics.X-CUBE-AZRTOS-WL.2.0.0
2023-12-10 11:38:20,799 [WARN] PackLoader:240 - Cannot read IP mode file for WES.I-CUBE-Cesium.1.3.0
2023-12-10 11:38:20,805 [WARN] PackLoader:240 - Cannot read IP mode file for STMicroelectronics.X-CUBE-BLE2.3.3.0
2023-12-10 11:38:20,813 [WARN] PackLoader:240 - Cannot read IP mode file for STMicroelectronics.X-CUBE-ALGOBUILD.1.3.0
2023-12-10 11:38:20,828 [WARN] PackLoader:240 - Cannot read IP mode file for STMicroelectronics.X-CUBE-AZRTOS-G0.1.1.0
2023-12-10 11:38:20,839 [WARN] PackLoader:240 - Cannot read IP mode file for STMicroelectronics.X-CUBE-NFC4.3.0.0
2023-12-10 11:38:20,855 [WARN] PackLoader:240 - Cannot read IP mode file for STMicroelectronics.X-CUBE-BLEMGR.3.0.0
2023-12-10 11:38:20,861 [WARN] PackLoader:240 - Cannot read IP mode file for STMicroelectronics.FP-ATR-SIGFOX1.3.2.0
2023-12-10 11:38:20,866 [WARN] PackLoader:240 - Cannot read IP mode file for STMicroelectronics.X-CUBE-GNSS1.6.0.0
2023-12-10 11:38:20,879 [WARN] PackLoader:240 - Cannot read IP mode file for STMicroelectronics.X-CUBE-AZRTOS-F4.1.1.0
2023-12-10 11:38:20,884 [WARN] PackLoader:240 - Cannot read IP mode file for wolfSSL.I-CUBE-wolfSSL.5.6.4
2023-12-10 11:38:20,897 [WARN] PackLoader:240 - Cannot read IP mode file for STMicroelectronics.X-CUBE-AZRTOS-L5.2.0.0
2023-12-10 11:38:20,908 [WARN] PackLoader:240 - Cannot read IP mode file for STMicroelectronics.X-CUBE-EEPRMA1.4.2.0
2023-12-10 11:38:20,915 [WARN] PackLoader:240 - Cannot read IP mode file for ITTIA_DB.I-CUBE-ITTIADB.8.8.0
2023-12-10 11:38:20,939 [WARN] ConditionMgr:438 - getConditionDescription Invalid condition id : UX DEVICE CLASS RTOS Condition cause : null
2023-12-10 11:38:20,940 [WARN] ConditionMgr:438 - getConditionDescription Invalid condition id : UX DEVICE CLASS RTOS Condition cause : null
2023-12-10 11:38:20,951 [WARN] PackLoader:240 - Cannot read IP mode file for STMicroelectronics.X-CUBE-AZRTOS-H7.3.1.0
2023-12-10 11:38:20,952 [WARN] ConditionMgr:1039 - genDependencies : Invalid condition id : UX DEVICE CLASS RTOS Condition cause : null
2023-12-10 11:38:20,953 [WARN] ConditionMgr:1039 - genDependencies : Invalid condition id : UX DEVICE CLASS RTOS Condition cause : null
2023-12-10 11:38:20,953 [WARN] ConditionMgr:1039 - genDependencies : Invalid condition id : UX DEVICE CLASS RTOS Condition cause : null
2023-12-10 11:38:20,953 [WARN] ConditionMgr:1039 - genDependencies : Invalid condition id : UX DEVICE CLASS RTOS Condition cause : null
2023-12-10 11:38:20,953 [WARN] ConditionMgr:1039 - genDependencies : Invalid condition id : UX DEVICE CLASS RTOS Condition cause : null
2023-12-10 11:38:20,964 [WARN] PackLoader:240 - Cannot read IP mode file for STMicroelectronics.X-CUBE-NFC7.1.0.1
2023-12-10 11:38:20,978 [WARN] PackLoader:240 - Cannot read IP mode file for STMicroelectronics.X-CUBE-NFC6.3.0.0
2023-12-10 11:38:20,987 [WARN] PackLoader:240 - Cannot read IP mode file for STMicroelectronics.X-CUBE-AI.8.1.0
2023-12-10 11:38:21,009 [WARN] ConditionMgr:438 - getConditionDescription Invalid condition id : LAN8742 Phy interface Condition cause : null
2023-12-10 11:38:21,011 [WARN] PackLoader:240 - Cannot read IP mode file for STMicroelectronics.X-CUBE-AZRTOS-L4.2.0.0
2023-12-10 11:38:21,013 [WARN] ConditionMgr:1039 - genDependencies : Invalid condition id : LAN8742 Phy interface Condition cause : null
2023-12-10 11:38:21,014 [WARN] ConditionMgr:1039 - genDependencies : Invalid condition id : LAN8742 Phy interface Condition cause : null
2023-12-10 11:38:21,015 [WARN] ConditionMgr:1039 - genDependencies : Invalid condition id : LAN8742 Phy interface Condition cause : null
2023-12-10 11:38:21,028 [WARN] PackLoader:240 - Cannot read IP mode file for STMicroelectronics.X-CUBE-SFXS2LP1.4.0.0
2023-12-10 11:38:21,039 [WARN] PackLoader:240 - Cannot read IP mode file for STMicroelectronics.X-CUBE-ISPU.1.1.0
2023-12-10 11:38:21,056 [WARN] ConditionMgr:438 - getConditionDescription Invalid condition id : UX DEVICE CLASS RTOS Condition cause : null
2023-12-10 11:38:21,057 [WARN] ConditionMgr:438 - getConditionDescription Invalid condition id : UX DEVICE CLASS RTOS Condition cause : null
2023-12-10 11:38:21,061 [WARN] PackLoader:240 - Cannot read IP mode file for STMicroelectronics.X-CUBE-AZRTOS-WB.2.0.0
2023-12-10 11:38:21,062 [WARN] ConditionMgr:1039 - genDependencies : Invalid condition id : UX DEVICE CLASS RTOS Condition cause : null
2023-12-10 11:38:21,062 [WARN] ConditionMgr:1039 - genDependencies : Invalid condition id : UX DEVICE CLASS RTOS Condition cause : null
2023-12-10 11:38:21,063 [WARN] ConditionMgr:1039 - genDependencies : Invalid condition id : UX DEVICE CLASS RTOS Condition cause : null
2023-12-10 11:38:21,063 [WARN] ConditionMgr:1039 - genDependencies : Invalid condition id : UX DEVICE CLASS RTOS Condition cause : null
2023-12-10 11:38:21,064 [WARN] ConditionMgr:1039 - genDependencies : Invalid condition id : UX DEVICE CLASS RTOS Condition cause : null
2023-12-10 11:38:21,079 [WARN] PackLoader:240 - Cannot read IP mode file for STMicroelectronics.X-CUBE-SUBG2.5.0.0
2023-12-10 11:38:21,105 [WARN] PackLoader:240 - Cannot read IP mode file for STMicroelectronics.X-CUBE-AZRTOS-G4.2.0.0
2023-12-10 11:38:21,126 [WARN] PackLoader:240 - Cannot read IP mode file for Infineon.AIROC-Wi-Fi-Bluetooth-STM32.1.5.1
2023-12-10 11:38:21,143 [WARN] PackLoader:240 - Cannot read IP mode file for STMicroelectronics.FP-SNS-MOTENVWB1.1.3.1
2023-12-10 11:38:21,150 [WARN] PackLoader:240 - Cannot read IP mode file for STMicroelectronics.X-CUBE-ISPU.2.0.0
2023-12-10 11:38:21,202 [WARN] PackLoader:240 - Cannot read IP mode file for STMicroelectronics.X-CUBE-MEMS1.10.0.0
2023-12-10 11:38:21,362 [WARN] PackLoader:240 - Cannot read IP mode file for STMicroelectronics.X-CUBE-FREERTOS.1.1.0
2023-12-10 11:38:21,383 [WARN] PackLoader:240 - Cannot read IP mode file for portGmbH.I-Cube-SoM-uGOAL.1.1.0
2023-12-10 11:38:21,398 [WARN] PackLoader:240 - Cannot read IP mode file for STMicroelectronics.X-CUBE-ALS.1.0.1
2023-12-10 11:38:21,405 [WARN] PackLoader:240 - Cannot read IP mode file for STMicroelectronics.FP-ATR-ASTRA1.2.0.0
2023-12-10 11:38:21,437 [WARN] PackLoader:240 - Cannot read IP mode file for STMicroelectronics.X-CUBE-TOF1.3.4.0
2023-12-10 11:38:21,471 [WARN] PackLoader:240 - Cannot read IP mode file for STMicroelectronics.X-CUBE-AZRTOS-H7.3.2.0
2023-12-10 11:38:21,477 [INFO] ThirdParty:978 - Integrity check success = true
2023-12-10 11:38:21,477 [INFO] IntegrityCheckThread:100 - exiting critical section [integrity check]
2023-12-10 11:38:21,477 [INFO] IntegrityCheckThread:103 - End integrity checks thread
2023-12-10 11:38:40,456 [ERROR] LogOutputStream:75 - [STDERR_REDIRECT] SLF4J: Failed to load class "org.slf4j.impl.StaticLoggerBinder".
2023-12-10 11:38:40,457 [ERROR] LogOutputStream:75 - [STDERR_REDIRECT] SLF4J: Defaulting to no-operation (NOP) logger implementation
2023-12-10 11:38:40,457 [ERROR] LogOutputStream:75 - [STDERR_REDIRECT] SLF4J: See http://www.slf4j.org/codes.html#StaticLoggerBinder for further details.
